epoch: 0/799: 100%|██████████| 4000/4000 [00:59<00:00, 67.50it/s, loss=0.416275]
epoch: 1/799: 100%|██████████| 4000/4000 [00:57<00:00, 69.11it/s, loss=0.402584]
epoch: 2/799: 100%|██████████| 4000/4000 [00:57<00:00, 68.99it/s, loss=0.390440]
epoch: 3/799: 100%|██████████| 4000/4000 [00:57<00:00, 69.03it/s, loss=0.373659]
epoch: 4/799: 100%|██████████| 4000/4000 [00:57<00:00, 69.02it/s, loss=0.356863]
epoch: 5/799: 100%|██████████| 4000/4000 [00:57<00:00, 69.09it/s, loss=0.341982]
epoch: 6/799: 100%|██████████| 4000/4000 [00:57<00:00, 68.98it/s, loss=0.328260]
epoch: 7/799: 100%|██████████| 4000/4000 [00:57<00:00, 69.09it/s, loss=0.308247]
epoch: 8/799: 100%|██████████| 4000/4000 [00:57<00:00, 69.04it/s, loss=0.287378]
epoch: 9/799: 100%|██████████| 4000/4000 [00:57<00:00, 69.05it/s, loss=0.272883]
epoch: 10/799: 100%|█████████| 4000/4000 [00:57<00:00, 69.07it/s, loss=0.247543]
epoch: 11/799: 100%|█████████| 4000/4000 [00:57<00:00, 69.11it/s, loss=0.225823]
epoch: 12/799: 100%|█████████| 4000/4000 [00:57<00:00, 69.10it/s, loss=0.204361]
epoch: 13/799: 100%|█████████| 4000/4000 [00:57<00:00, 69.15it/s, loss=0.185732]
epoch: 14/799: 100%|█████████| 4000/4000 [00:57<00:00, 69.14it/s, loss=0.170161]
epoch: 15/799: 100%|█████████| 4000/4000 [00:57<00:00, 69.14it/s, loss=0.161233]
epoch: 16/799: 100%|█████████| 4000/4000 [00:57<00:00, 69.14it/s, loss=0.156214]
epoch: 17/799: 100%|█████████| 4000/4000 [00:57<00:00, 69.13it/s, loss=0.153374]
epoch: 18/799: 100%|█████████| 4000/4000 [00:57<00:00, 69.15it/s, loss=0.151365]
epoch: 19/799: 100%|█████████| 4000/4000 [00:57<00:00, 69.10it/s, loss=0.148615]
epoch: 20/799: 100%|█████████| 4000/4000 [00:57<00:00, 69.12it/s, loss=0.145527]
epoch: 21/799: 100%|█████████| 4000/4000 [00:57<00:00, 69.16it/s, loss=0.143795]
epoch: 22/799: 100%|█████████| 4000/4000 [00:57<00:00, 69.12it/s, loss=0.141720]
epoch: 23/799: 100%|█████████| 4000/4000 [00:57<00:00, 69.16it/s, loss=0.140022]
epoch: 24/799: 100%|█████████| 4000/4000 [00:57<00:00, 69.08it/s, loss=0.137626]
epoch: 25/799: 100%|█████████| 4000/4000 [00:57<00:00, 69.15it/s, loss=0.137283]
epoch: 26/799: 100%|█████████| 4000/4000 [00:57<00:00, 69.10it/s, loss=0.135323]
epoch: 27/799: 100%|█████████| 4000/4000 [00:57<00:00, 69.13it/s, loss=0.133212]
epoch: 28/799: 100%|█████████| 4000/4000 [00:57<00:00, 69.13it/s, loss=0.131979]
epoch: 29/799: 100%|█████████| 4000/4000 [00:57<00:00, 69.14it/s, loss=0.130700]
epoch: 30/799: 100%|█████████| 4000/4000 [00:57<00:00, 69.09it/s, loss=0.128718]
epoch: 31/799: 100%|█████████| 4000/4000 [00:57<00:00, 69.16it/s, loss=0.128051]
epoch: 32/799: 100%|█████████| 4000/4000 [00:57<00:00, 69.12it/s, loss=0.126589]
epoch: 33/799: 100%|█████████| 4000/4000 [00:57<00:00, 69.12it/s, loss=0.126415]
epoch: 34/799: 100%|█████████| 4000/4000 [00:57<00:00, 69.08it/s, loss=0.123874]
epoch: 35/799: 100%|█████████| 4000/4000 [00:57<00:00, 69.07it/s, loss=0.122232]
epoch: 36/799: 100%|█████████| 4000/4000 [00:57<00:00, 69.06it/s, loss=0.120952]
epoch: 37/799: 100%|█████████| 4000/4000 [00:57<00:00, 69.09it/s, loss=0.119726]
epoch: 38/799: 100%|█████████| 4000/4000 [00:57<00:00, 69.03it/s, loss=0.118251]
epoch: 39/799: 100%|█████████| 4000/4000 [00:57<00:00, 69.12it/s, loss=0.118250]
epoch: 40/799: 100%|█████████| 4000/4000 [00:57<00:00, 69.09it/s, loss=0.117130]
epoch: 41/799: 100%|█████████| 4000/4000 [00:57<00:00, 69.16it/s, loss=0.115803]
epoch: 42/799: 100%|█████████| 4000/4000 [00:57<00:00, 69.10it/s, loss=0.114733]
epoch: 43/799: 100%|█████████| 4000/4000 [00:57<00:00, 69.15it/s, loss=0.113993]
epoch: 44/799: 100%|█████████| 4000/4000 [00:57<00:00, 69.12it/s, loss=0.113344]
epoch: 45/799: 100%|█████████| 4000/4000 [00:57<00:00, 69.14it/s, loss=0.113316]
epoch: 46/799: 100%|█████████| 4000/4000 [00:57<00:00, 69.09it/s, loss=0.112051]
epoch: 47/799: 100%|█████████| 4000/4000 [00:57<00:00, 69.13it/s, loss=0.111563]
epoch: 48/799: 100%|█████████| 4000/4000 [00:57<00:00, 69.06it/s, loss=0.110968]
epoch: 49/799: 100%|█████████| 4000/4000 [00:57<00:00, 69.09it/s, loss=0.111464]
epoch: 51/799: 100%|█████████| 4000/4000 [00:57<00:00, 69.12it/s, loss=0.110146]
epoch: 52/799: 100%|█████████| 4000/4000 [00:57<00:00, 69.08it/s, loss=0.109699]
epoch: 53/799: 100%|█████████| 4000/4000 [00:57<00:00, 69.07it/s, loss=0.108678]
epoch: 54/799: 100%|█████████| 4000/4000 [00:57<00:00, 69.05it/s, loss=0.109210]
epoch: 55/799: 100%|█████████| 4000/4000 [00:57<00:00, 69.12it/s, loss=0.109377]
epoch: 56/799: 100%|█████████| 4000/4000 [00:57<00:00, 69.05it/s, loss=0.108740]
epoch: 57/799: 100%|█████████| 4000/4000 [00:57<00:00, 69.11it/s, loss=0.107498]
epoch: 58/799: 100%|█████████| 4000/4000 [00:57<00:00, 69.08it/s, loss=0.107909]
epoch: 59/799: 100%|█████████| 4000/4000 [00:57<00:00, 69.09it/s, loss=0.107537]
epoch: 60/799: 100%|█████████| 4000/4000 [00:57<00:00, 69.05it/s, loss=0.107412]
epoch: 61/799: 100%|█████████| 4000/4000 [00:57<00:00, 69.14it/s, loss=0.107772]
epoch: 62/799:  91%|████████▏| 3648/4000 [00:52<00:05, 69.46it/s, loss=0.105994]
IOPub message rate exceeded.
The notebook server will temporarily stop sending output
to the client in order to avoid crashing it.
To change this limit, set the config variable
`--NotebookApp.iopub_msg_rate_limit`.

Current values:
NotebookApp.iopub_msg_rate_limit=1000.0 (msgs/sec)
NotebookApp.rate_limit_window=3.0 (secs)

epoch: 79/799: 100%|█████████| 4000/4000 [00:57<00:00, 69.08it/s, loss=0.103207]
epoch: 80/799: 100%|█████████| 4000/4000 [00:57<00:00, 69.07it/s, loss=0.103168]
epoch: 81/799: 100%|█████████| 4000/4000 [00:57<00:00, 69.12it/s, loss=0.102835]
epoch: 82/799: 100%|█████████| 4000/4000 [00:57<00:00, 69.11it/s, loss=0.101978]
epoch: 83/799: 100%|█████████| 4000/4000 [00:57<00:00, 69.09it/s, loss=0.101526]
epoch: 84/799: 100%|█████████| 4000/4000 [00:57<00:00, 69.07it/s, loss=0.101754]
epoch: 85/799: 100%|█████████| 4000/4000 [00:57<00:00, 69.08it/s, loss=0.101792]
epoch: 86/799: 100%|█████████| 4000/4000 [00:57<00:00, 69.09it/s, loss=0.100562]
epoch: 87/799: 100%|█████████| 4000/4000 [00:57<00:00, 69.13it/s, loss=0.101138]
epoch: 88/799: 100%|█████████| 4000/4000 [00:57<00:00, 69.08it/s, loss=0.101211]
epoch: 89/799: 100%|█████████| 4000/4000 [00:57<00:00, 69.09it/s, loss=0.099880]
epoch: 90/799: 100%|█████████| 4000/4000 [00:57<00:00, 69.13it/s, loss=0.099336]
epoch: 91/799:   0%|           | 16/4000 [00:00<01:56, 34.34it/s, loss=0.101641]
IOPub message rate exceeded.
The notebook server will temporarily stop sending output
to the client in order to avoid crashing it.
To change this limit, set the config variable
`--NotebookApp.iopub_msg_rate_limit`.

Current values:
NotebookApp.iopub_msg_rate_limit=1000.0 (msgs/sec)
NotebookApp.rate_limit_window=3.0 (secs)

epoch: 98/799: 100%|█████████| 4000/4000 [00:57<00:00, 69.11it/s, loss=0.097946]
epoch: 99/799: 100%|█████████| 4000/4000 [00:57<00:00, 69.10it/s, loss=0.097804]
epoch: 100/799: 100%|████████| 4000/4000 [00:57<00:00, 69.08it/s, loss=0.097554]
epoch: 101/799: 100%|████████| 4000/4000 [00:57<00:00, 69.16it/s, loss=0.097828]
epoch: 102/799: 100%|████████| 4000/4000 [00:57<00:00, 69.05it/s, loss=0.097567]
epoch: 103/799: 100%|████████| 4000/4000 [00:57<00:00, 69.12it/s, loss=0.096921]
epoch: 104/799: 100%|████████| 4000/4000 [00:57<00:00, 69.10it/s, loss=0.097053]
epoch: 105/799: 100%|████████| 4000/4000 [00:57<00:00, 69.11it/s, loss=0.096687]
epoch: 106/799: 100%|████████| 4000/4000 [00:57<00:00, 69.09it/s, loss=0.096241]
epoch: 107/799: 100%|████████| 4000/4000 [00:57<00:00, 69.16it/s, loss=0.096306]
epoch: 108/799: 100%|████████| 4000/4000 [00:57<00:00, 69.06it/s, loss=0.096077]
epoch: 109/799: 100%|████████| 4000/4000 [00:57<00:00, 69.11it/s, loss=0.095462]
epoch: 110/799: 100%|████████| 4000/4000 [00:57<00:00, 69.13it/s, loss=0.095760]
epoch: 111/799: 100%|████████| 4000/4000 [00:57<00:00, 69.14it/s, loss=0.095581]
epoch: 112/799: 100%|████████| 4000/4000 [00:57<00:00, 69.08it/s, loss=0.095474]
epoch: 113/799: 100%|████████| 4000/4000 [00:57<00:00, 69.07it/s, loss=0.095412]
epoch: 114/799: 100%|████████| 4000/4000 [00:57<00:00, 69.10it/s, loss=0.095287]
epoch: 115/799: 100%|████████| 4000/4000 [00:57<00:00, 69.10it/s, loss=0.094404]
epoch: 116/799: 100%|████████| 4000/4000 [00:57<00:00, 69.07it/s, loss=0.094172]
epoch: 117/799: 100%|████████| 4000/4000 [00:57<00:00, 69.14it/s, loss=0.094045]
epoch: 118/799: 100%|████████| 4000/4000 [00:57<00:00, 69.10it/s, loss=0.093956]
epoch: 119/799: 100%|████████| 4000/4000 [00:57<00:00, 69.12it/s, loss=0.093252]
epoch: 120/799: 100%|████████| 4000/4000 [00:57<00:00, 69.06it/s, loss=0.092898]
epoch: 121/799: 100%|████████| 4000/4000 [00:57<00:00, 69.14it/s, loss=0.092667]
epoch: 122/799: 100%|████████| 4000/4000 [00:57<00:00, 69.11it/s, loss=0.092906]
epoch: 123/799: 100%|████████| 4000/4000 [00:57<00:00, 69.09it/s, loss=0.092891]
epoch: 124/799: 100%|████████| 4000/4000 [00:57<00:00, 69.04it/s, loss=0.091912]
epoch: 125/799: 100%|████████| 4000/4000 [00:57<00:00, 69.08it/s, loss=0.091678]
epoch: 126/799: 100%|████████| 4000/4000 [00:57<00:00, 69.07it/s, loss=0.091635]
epoch: 127/799: 100%|████████| 4000/4000 [00:57<00:00, 69.08it/s, loss=0.091761]
epoch: 128/799: 100%|████████| 4000/4000 [00:57<00:00, 69.07it/s, loss=0.091572]
epoch: 129/799: 100%|████████| 4000/4000 [00:57<00:00, 69.08it/s, loss=0.090673]
epoch: 130/799: 100%|████████| 4000/4000 [00:57<00:00, 69.02it/s, loss=0.090814]
epoch: 131/799: 100%|████████| 4000/4000 [00:57<00:00, 69.01it/s, loss=0.090446]
epoch: 132/799: 100%|████████| 4000/4000 [00:57<00:00, 69.11it/s, loss=0.090604]
epoch: 133/799: 100%|████████| 4000/4000 [00:57<00:00, 69.12it/s, loss=0.090148]
epoch: 134/799: 100%|████████| 4000/4000 [00:57<00:00, 69.10it/s, loss=0.090268]
epoch: 135/799: 100%|████████| 4000/4000 [00:57<00:00, 69.13it/s, loss=0.089216]
epoch: 136/799: 100%|████████| 4000/4000 [00:57<00:00, 69.08it/s, loss=0.089080]
epoch: 137/799: 100%|████████| 4000/4000 [00:57<00:00, 69.08it/s, loss=0.088565]
epoch: 138/799: 100%|████████| 4000/4000 [00:57<00:00, 69.08it/s, loss=0.088203]
epoch: 139/799: 100%|████████| 4000/4000 [00:57<00:00, 69.13it/s, loss=0.088637]
epoch: 140/799: 100%|████████| 4000/4000 [00:57<00:00, 69.07it/s, loss=0.088285]
epoch: 141/799: 100%|████████| 4000/4000 [00:57<00:00, 69.12it/s, loss=0.088140]
epoch: 142/799: 100%|████████| 4000/4000 [00:57<00:00, 69.09it/s, loss=0.087165]
epoch: 143/799: 100%|████████| 4000/4000 [00:57<00:00, 69.15it/s, loss=0.086814]
epoch: 144/799: 100%|████████| 4000/4000 [00:57<00:00, 69.11it/s, loss=0.087466]
epoch: 145/799: 100%|████████| 4000/4000 [00:57<00:00, 69.10it/s, loss=0.086981]
epoch: 146/799: 100%|████████| 4000/4000 [00:57<00:00, 69.07it/s, loss=0.086988]
epoch: 147/799: 100%|████████| 4000/4000 [00:57<00:00, 69.14it/s, loss=0.086057]
epoch: 148/799: 100%|████████| 4000/4000 [00:57<00:00, 69.04it/s, loss=0.085824]
epoch: 149/799: 100%|████████| 4000/4000 [00:57<00:00, 69.11it/s, loss=0.084589]
epoch: 150/799: 100%|████████| 4000/4000 [00:57<00:00, 69.09it/s, loss=0.085370]
epoch: 151/799: 100%|████████| 4000/4000 [00:57<00:00, 69.11it/s, loss=0.086408]
epoch: 152/799: 100%|████████| 4000/4000 [00:57<00:00, 69.11it/s, loss=0.084035]
epoch: 153/799: 100%|████████| 4000/4000 [00:57<00:00, 69.13it/s, loss=0.085079]
epoch: 154/799: 100%|████████| 4000/4000 [00:57<00:00, 69.12it/s, loss=0.084328]
epoch: 155/799: 100%|████████| 4000/4000 [00:57<00:00, 69.14it/s, loss=0.084489]
epoch: 156/799: 100%|████████| 4000/4000 [00:57<00:00, 69.04it/s, loss=0.083836]
epoch: 157/799: 100%|████████| 4000/4000 [00:57<00:00, 69.14it/s, loss=0.083208]
epoch: 158/799: 100%|████████| 4000/4000 [00:57<00:00, 69.08it/s, loss=0.083253]
epoch: 159/799: 100%|████████| 4000/4000 [00:57<00:00, 69.15it/s, loss=0.082791]
epoch: 160/799: 100%|████████| 4000/4000 [00:57<00:00, 69.12it/s, loss=0.081903]
epoch: 161/799: 100%|████████| 4000/4000 [00:57<00:00, 69.13it/s, loss=0.081682]
epoch: 162/799: 100%|████████| 4000/4000 [00:57<00:00, 69.02it/s, loss=0.082036]
epoch: 163/799: 100%|████████| 4000/4000 [00:57<00:00, 69.09it/s, loss=0.081029]
epoch: 164/799: 100%|████████| 4000/4000 [00:57<00:00, 69.07it/s, loss=0.081444]
epoch: 165/799: 100%|████████| 4000/4000 [00:57<00:00, 69.12it/s, loss=0.080885]
epoch: 166/799: 100%|████████| 4000/4000 [00:57<00:00, 69.08it/s, loss=0.080240]
epoch: 167/799: 100%|████████| 4000/4000 [00:57<00:00, 69.16it/s, loss=0.079400]
epoch: 168/799: 100%|████████| 4000/4000 [00:57<00:00, 69.09it/s, loss=0.079386]
epoch: 169/799: 100%|████████| 4000/4000 [00:57<00:00, 69.15it/s, loss=0.078445]
epoch: 170/799: 100%|████████| 4000/4000 [00:57<00:00, 69.15it/s, loss=0.079071]
epoch: 171/799: 100%|████████| 4000/4000 [00:57<00:00, 69.09it/s, loss=0.076975]
epoch: 172/799: 100%|████████| 4000/4000 [00:57<00:00, 69.07it/s, loss=0.077718]
epoch: 173/799: 100%|████████| 4000/4000 [00:57<00:00, 69.10it/s, loss=0.077325]
epoch: 174/799: 100%|████████| 4000/4000 [00:57<00:00, 69.09it/s, loss=0.077080]
epoch: 175/799: 100%|████████| 4000/4000 [00:57<00:00, 69.05it/s, loss=0.076021]
epoch: 176/799: 100%|████████| 4000/4000 [00:57<00:00, 69.12it/s, loss=0.075233]
epoch: 177/799: 100%|████████| 4000/4000 [00:57<00:00, 69.14it/s, loss=0.076654]
epoch: 178/799: 100%|████████| 4000/4000 [00:57<00:00, 69.08it/s, loss=0.075776]
epoch: 179/799: 100%|████████| 4000/4000 [00:57<00:00, 69.12it/s, loss=0.074872]
epoch: 180/799: 100%|████████| 4000/4000 [00:57<00:00, 69.12it/s, loss=0.074810]
epoch: 181/799: 100%|████████| 4000/4000 [00:57<00:00, 69.07it/s, loss=0.074430]
epoch: 182/799: 100%|████████| 4000/4000 [00:57<00:00, 68.99it/s, loss=0.073580]
epoch: 183/799: 100%|████████| 4000/4000 [00:57<00:00, 69.10it/s, loss=0.073036]
epoch: 184/799: 100%|████████| 4000/4000 [00:57<00:00, 69.08it/s, loss=0.072234]
epoch: 185/799: 100%|████████| 4000/4000 [00:58<00:00, 68.95it/s, loss=0.072064]
epoch: 186/799: 100%|████████| 4000/4000 [00:58<00:00, 68.90it/s, loss=0.072442]
epoch: 187/799: 100%|████████| 4000/4000 [00:57<00:00, 69.10it/s, loss=0.071817]
epoch: 188/799: 100%|████████| 4000/4000 [00:57<00:00, 69.11it/s, loss=0.071792]
epoch: 189/799: 100%|████████| 4000/4000 [00:57<00:00, 69.11it/s, loss=0.070845]
epoch: 190/799: 100%|████████| 4000/4000 [00:57<00:00, 69.13it/s, loss=0.070391]
epoch: 191/799: 100%|████████| 4000/4000 [00:57<00:00, 69.09it/s, loss=0.070280]
epoch: 192/799: 100%|████████| 4000/4000 [00:57<00:00, 69.07it/s, loss=0.069503]
epoch: 193/799: 100%|████████| 4000/4000 [00:57<00:00, 69.08it/s, loss=0.070066]
epoch: 194/799: 100%|████████| 4000/4000 [00:57<00:00, 69.07it/s, loss=0.069612]
epoch: 195/799: 100%|████████| 4000/4000 [00:57<00:00, 69.14it/s, loss=0.068970]
epoch: 196/799: 100%|████████| 4000/4000 [00:57<00:00, 69.09it/s, loss=0.069256]
epoch: 197/799: 100%|████████| 4000/4000 [00:57<00:00, 69.09it/s, loss=0.068754]
epoch: 199/799: 100%|████████| 4000/4000 [00:57<00:00, 69.11it/s, loss=0.068257]
epoch: 200/799: 100%|████████| 4000/4000 [00:57<00:00, 69.13it/s, loss=0.068757]
epoch: 201/799: 100%|████████| 4000/4000 [00:57<00:00, 69.14it/s, loss=0.068182]
epoch: 202/799: 100%|████████| 4000/4000 [00:57<00:00, 69.11it/s, loss=0.067198]
epoch: 203/799: 100%|████████| 4000/4000 [00:57<00:00, 69.12it/s, loss=0.067930]
epoch: 204/799: 100%|████████| 4000/4000 [00:57<00:00, 69.10it/s, loss=0.067553]
epoch: 205/799: 100%|████████| 4000/4000 [00:57<00:00, 69.12it/s, loss=0.067190]
epoch: 206/799: 100%|████████| 4000/4000 [00:57<00:00, 69.15it/s, loss=0.067023]
epoch: 207/799: 100%|████████| 4000/4000 [00:57<00:00, 69.11it/s, loss=0.067090]
epoch: 208/799: 100%|████████| 4000/4000 [00:57<00:00, 69.13it/s, loss=0.066944]
epoch: 209/799: 100%|████████| 4000/4000 [00:57<00:00, 69.06it/s, loss=0.066846]
epoch: 210/799: 100%|████████| 4000/4000 [00:57<00:00, 69.10it/s, loss=0.066580]
epoch: 211/799: 100%|████████| 4000/4000 [00:57<00:00, 69.13it/s, loss=0.066345]
epoch: 212/799: 100%|████████| 4000/4000 [00:57<00:00, 69.09it/s, loss=0.066275]
epoch: 213/799: 100%|████████| 4000/4000 [00:57<00:00, 69.08it/s, loss=0.066488]
epoch: 214/799: 100%|████████| 4000/4000 [00:57<00:00, 69.09it/s, loss=0.066565]
epoch: 215/799: 100%|████████| 4000/4000 [00:57<00:00, 69.09it/s, loss=0.066106]
epoch: 216/799: 100%|████████| 4000/4000 [00:57<00:00, 69.10it/s, loss=0.066008]
epoch: 217/799: 100%|████████| 4000/4000 [00:57<00:00, 69.07it/s, loss=0.065870]
epoch: 218/799: 100%|████████| 4000/4000 [00:57<00:00, 69.13it/s, loss=0.065783]
epoch: 219/799: 100%|████████| 4000/4000 [00:57<00:00, 69.08it/s, loss=0.065816]
epoch: 220/799: 100%|████████| 4000/4000 [00:57<00:00, 69.11it/s, loss=0.066266]
epoch: 221/799: 100%|████████| 4000/4000 [00:57<00:00, 69.08it/s, loss=0.066074]
epoch: 222/799: 100%|████████| 4000/4000 [00:57<00:00, 69.08it/s, loss=0.065938]
epoch: 223/799: 100%|████████| 4000/4000 [00:57<00:00, 69.10it/s, loss=0.065041]
epoch: 224/799: 100%|████████| 4000/4000 [00:57<00:00, 69.08it/s, loss=0.065296]
epoch: 225/799: 100%|████████| 4000/4000 [00:57<00:00, 69.09it/s, loss=0.065608]
epoch: 226/799: 100%|████████| 4000/4000 [00:57<00:00, 69.09it/s, loss=0.065136]
epoch: 227/799: 100%|████████| 4000/4000 [00:57<00:00, 69.12it/s, loss=0.065647]
epoch: 228/799: 100%|████████| 4000/4000 [00:57<00:00, 69.10it/s, loss=0.065504]
epoch: 229/799: 100%|████████| 4000/4000 [00:57<00:00, 69.08it/s, loss=0.064668]
epoch: 230/799: 100%|████████| 4000/4000 [00:57<00:00, 69.08it/s, loss=0.065225]
epoch: 231/799: 100%|████████| 4000/4000 [00:57<00:00, 69.04it/s, loss=0.064746]
epoch: 232/799: 100%|████████| 4000/4000 [00:57<00:00, 69.11it/s, loss=0.064615]
epoch: 233/799: 100%|████████| 4000/4000 [00:57<00:00, 69.12it/s, loss=0.064511]
epoch: 234/799: 100%|████████| 4000/4000 [00:57<00:00, 69.11it/s, loss=0.064187]
epoch: 235/799: 100%|████████| 4000/4000 [00:57<00:00, 69.08it/s, loss=0.064917]
epoch: 236/799: 100%|████████| 4000/4000 [00:57<00:00, 69.10it/s, loss=0.064208]
epoch: 237/799: 100%|████████| 4000/4000 [00:57<00:00, 69.13it/s, loss=0.064517]
epoch: 238/799: 100%|████████| 4000/4000 [00:57<00:00, 69.10it/s, loss=0.064472]
epoch: 239/799: 100%|████████| 4000/4000 [00:57<00:00, 69.09it/s, loss=0.064332]
epoch: 240/799: 100%|████████| 4000/4000 [00:57<00:00, 69.15it/s, loss=0.064125]
epoch: 241/799: 100%|████████| 4000/4000 [00:57<00:00, 69.14it/s, loss=0.064092]
epoch: 242/799: 100%|████████| 4000/4000 [00:57<00:00, 69.12it/s, loss=0.064020]
epoch: 243/799: 100%|████████| 4000/4000 [00:57<00:00, 69.14it/s, loss=0.064638]
epoch: 244/799: 100%|████████| 4000/4000 [00:57<00:00, 69.09it/s, loss=0.064541]
epoch: 245/799: 100%|████████| 4000/4000 [00:57<00:00, 69.16it/s, loss=0.063830]
epoch: 246/799: 100%|████████| 4000/4000 [00:57<00:00, 69.14it/s, loss=0.063807]
epoch: 247/799: 100%|████████| 4000/4000 [00:57<00:00, 69.09it/s, loss=0.063726]
epoch: 248/799: 100%|████████| 4000/4000 [00:57<00:00, 69.13it/s, loss=0.064046]
epoch: 249/799: 100%|████████| 4000/4000 [00:57<00:00, 69.09it/s, loss=0.063017]
epoch: 250/799: 100%|████████| 4000/4000 [00:57<00:00, 69.08it/s, loss=0.063271]
epoch: 251/799: 100%|████████| 4000/4000 [00:57<00:00, 69.12it/s, loss=0.062652]
epoch: 252/799: 100%|████████| 4000/4000 [00:57<00:00, 69.12it/s, loss=0.063325]
epoch: 253/799: 100%|████████| 4000/4000 [00:57<00:00, 69.11it/s, loss=0.063174]
epoch: 254/799: 100%|████████| 4000/4000 [00:57<00:00, 69.16it/s, loss=0.063171]
epoch: 255/799: 100%|████████| 4000/4000 [00:57<00:00, 69.13it/s, loss=0.062845]
epoch: 256/799: 100%|████████| 4000/4000 [00:57<00:00, 69.09it/s, loss=0.063198]
epoch: 257/799: 100%|████████| 4000/4000 [00:57<00:00, 69.11it/s, loss=0.062771]
epoch: 258/799: 100%|████████| 4000/4000 [00:57<00:00, 69.10it/s, loss=0.062908]
epoch: 259/799: 100%|████████| 4000/4000 [00:57<00:00, 69.15it/s, loss=0.062289]
epoch: 260/799: 100%|████████| 4000/4000 [00:57<00:00, 69.12it/s, loss=0.062737]
epoch: 261/799: 100%|████████| 4000/4000 [00:57<00:00, 69.13it/s, loss=0.062700]
epoch: 262/799: 100%|████████| 4000/4000 [00:57<00:00, 69.11it/s, loss=0.062582]
epoch: 263/799: 100%|████████| 4000/4000 [00:57<00:00, 69.04it/s, loss=0.062312]
epoch: 264/799: 100%|████████| 4000/4000 [00:57<00:00, 69.10it/s, loss=0.062654]
epoch: 265/799: 100%|████████| 4000/4000 [00:57<00:00, 69.11it/s, loss=0.062607]
epoch: 266/799: 100%|████████| 4000/4000 [00:57<00:00, 69.10it/s, loss=0.062033]
epoch: 267/799: 100%|████████| 4000/4000 [00:57<00:00, 69.10it/s, loss=0.062160]
epoch: 268/799: 100%|████████| 4000/4000 [00:57<00:00, 69.10it/s, loss=0.062320]
epoch: 269/799: 100%|████████| 4000/4000 [00:57<00:00, 69.09it/s, loss=0.061718]
epoch: 270/799: 100%|████████| 4000/4000 [00:57<00:00, 69.13it/s, loss=0.062279]
epoch: 271/799: 100%|████████| 4000/4000 [00:57<00:00, 69.08it/s, loss=0.061658]
epoch: 272/799: 100%|████████| 4000/4000 [00:57<00:00, 69.11it/s, loss=0.061447]
epoch: 273/799: 100%|████████| 4000/4000 [00:57<00:00, 69.07it/s, loss=0.062129]
epoch: 274/799: 100%|████████| 4000/4000 [00:57<00:00, 69.06it/s, loss=0.061512]
epoch: 275/799: 100%|████████| 4000/4000 [00:57<00:00, 69.14it/s, loss=0.061616]
epoch: 276/799: 100%|████████| 4000/4000 [00:57<00:00, 69.08it/s, loss=0.061555]
epoch: 277/799: 100%|████████| 4000/4000 [00:57<00:00, 69.03it/s, loss=0.061080]
epoch: 278/799: 100%|████████| 4000/4000 [00:57<00:00, 69.09it/s, loss=0.061818]
epoch: 279/799: 100%|████████| 4000/4000 [00:57<00:00, 69.10it/s, loss=0.061774]
epoch: 280/799: 100%|████████| 4000/4000 [00:57<00:00, 69.07it/s, loss=0.061280]
epoch: 281/799: 100%|████████| 4000/4000 [00:57<00:00, 69.08it/s, loss=0.061258]
epoch: 282/799: 100%|████████| 4000/4000 [00:57<00:00, 69.12it/s, loss=0.061250]
epoch: 283/799: 100%|████████| 4000/4000 [00:57<00:00, 69.12it/s, loss=0.061321]
epoch: 284/799: 100%|████████| 4000/4000 [00:57<00:00, 69.13it/s, loss=0.061200]
epoch: 285/799: 100%|████████| 4000/4000 [00:57<00:00, 69.05it/s, loss=0.061000]
epoch: 286/799: 100%|████████| 4000/4000 [00:57<00:00, 69.12it/s, loss=0.060709]
epoch: 287/799: 100%|████████| 4000/4000 [00:57<00:00, 69.10it/s, loss=0.060411]
epoch: 288/799: 100%|████████| 4000/4000 [00:57<00:00, 69.13it/s, loss=0.060908]
epoch: 289/799: 100%|████████| 4000/4000 [00:57<00:00, 69.07it/s, loss=0.060848]
epoch: 290/799: 100%|████████| 4000/4000 [00:57<00:00, 69.12it/s, loss=0.061064]
epoch: 291/799: 100%|████████| 4000/4000 [00:57<00:00, 69.12it/s, loss=0.061113]
epoch: 292/799: 100%|████████| 4000/4000 [00:57<00:00, 69.13it/s, loss=0.061169]
epoch: 293/799: 100%|████████| 4000/4000 [00:57<00:00, 69.13it/s, loss=0.060307]
epoch: 294/799: 100%|████████| 4000/4000 [00:57<00:00, 69.11it/s, loss=0.060300]
epoch: 295/799: 100%|████████| 4000/4000 [00:57<00:00, 69.09it/s, loss=0.060433]
epoch: 296/799: 100%|████████| 4000/4000 [00:57<00:00, 69.14it/s, loss=0.060327]
epoch: 297/799: 100%|████████| 4000/4000 [00:57<00:00, 69.16it/s, loss=0.060723]
epoch: 298/799: 100%|████████| 4000/4000 [00:57<00:00, 69.10it/s, loss=0.060015]
epoch: 299/799: 100%|████████| 4000/4000 [00:57<00:00, 69.07it/s, loss=0.060172]
epoch: 300/799: 100%|████████| 4000/4000 [00:57<00:00, 69.07it/s, loss=0.060189]
epoch: 301/799: 100%|████████| 4000/4000 [00:57<00:00, 69.06it/s, loss=0.059768]
epoch: 302/799: 100%|████████| 4000/4000 [00:57<00:00, 69.12it/s, loss=0.060312]
epoch: 303/799: 100%|████████| 4000/4000 [00:57<00:00, 69.05it/s, loss=0.059759]
epoch: 304/799: 100%|████████| 4000/4000 [00:57<00:00, 69.13it/s, loss=0.059932]
epoch: 305/799: 100%|████████| 4000/4000 [00:57<00:00, 69.12it/s, loss=0.059966]
epoch: 306/799: 100%|████████| 4000/4000 [00:57<00:00, 69.11it/s, loss=0.059351]
epoch: 307/799: 100%|████████| 4000/4000 [00:57<00:00, 69.12it/s, loss=0.059308]
epoch: 308/799: 100%|████████| 4000/4000 [00:57<00:00, 69.03it/s, loss=0.059735]
epoch: 309/799: 100%|████████| 4000/4000 [00:57<00:00, 69.21it/s, loss=0.059570]
epoch: 310/799: 100%|████████| 4000/4000 [00:57<00:00, 69.10it/s, loss=0.059656]
epoch: 311/799: 100%|████████| 4000/4000 [00:57<00:00, 69.11it/s, loss=0.059605]
epoch: 312/799: 100%|████████| 4000/4000 [00:57<00:00, 69.03it/s, loss=0.059203]
epoch: 313/799: 100%|████████| 4000/4000 [00:57<00:00, 69.10it/s, loss=0.059560]
epoch: 314/799: 100%|████████| 4000/4000 [00:57<00:00, 69.07it/s, loss=0.060068]
epoch: 315/799: 100%|████████| 4000/4000 [00:57<00:00, 69.07it/s, loss=0.059498]
epoch: 316/799: 100%|████████| 4000/4000 [00:57<00:00, 69.13it/s, loss=0.058902]
epoch: 317/799: 100%|████████| 4000/4000 [00:57<00:00, 69.08it/s, loss=0.059305]
epoch: 318/799: 100%|████████| 4000/4000 [00:57<00:00, 69.15it/s, loss=0.059786]
epoch: 319/799: 100%|████████| 4000/4000 [00:57<00:00, 69.07it/s, loss=0.059646]
epoch: 320/799: 100%|████████| 4000/4000 [00:57<00:00, 69.12it/s, loss=0.059177]
epoch: 321/799: 100%|████████| 4000/4000 [00:57<00:00, 69.09it/s, loss=0.059001]
epoch: 322/799: 100%|████████| 4000/4000 [00:57<00:00, 69.11it/s, loss=0.058716]
epoch: 323/799: 100%|████████| 4000/4000 [00:57<00:00, 69.11it/s, loss=0.059232]
epoch: 324/799: 100%|████████| 4000/4000 [00:57<00:00, 69.13it/s, loss=0.058734]
epoch: 325/799: 100%|████████| 4000/4000 [00:57<00:00, 69.07it/s, loss=0.058913]
epoch: 326/799: 100%|████████| 4000/4000 [00:57<00:00, 69.11it/s, loss=0.058975]
epoch: 327/799: 100%|████████| 4000/4000 [00:57<00:00, 69.07it/s, loss=0.059188]
epoch: 328/799: 100%|████████| 4000/4000 [00:57<00:00, 69.11it/s, loss=0.058950]
epoch: 329/799: 100%|████████| 4000/4000 [00:57<00:00, 69.13it/s, loss=0.058436]
epoch: 330/799: 100%|████████| 4000/4000 [00:57<00:00, 69.08it/s, loss=0.058980]
epoch: 331/799: 100%|████████| 4000/4000 [00:57<00:00, 69.03it/s, loss=0.058617]
epoch: 332/799: 100%|████████| 4000/4000 [00:57<00:00, 69.09it/s, loss=0.058362]
epoch: 333/799: 100%|████████| 4000/4000 [00:57<00:00, 69.09it/s, loss=0.057557]
epoch: 334/799: 100%|████████| 4000/4000 [00:57<00:00, 69.14it/s, loss=0.057820]
epoch: 335/799: 100%|████████| 4000/4000 [00:57<00:00, 69.08it/s, loss=0.058705]
epoch: 336/799: 100%|████████| 4000/4000 [00:57<00:00, 69.14it/s, loss=0.058581]
epoch: 337/799: 100%|████████| 4000/4000 [00:57<00:00, 69.07it/s, loss=0.058039]
epoch: 338/799: 100%|████████| 4000/4000 [00:57<00:00, 69.05it/s, loss=0.058065]
epoch: 339/799: 100%|████████| 4000/4000 [00:57<00:00, 69.11it/s, loss=0.057378]
epoch: 340/799: 100%|████████| 4000/4000 [00:57<00:00, 69.12it/s, loss=0.057951]
epoch: 342/799: 100%|████████| 4000/4000 [00:57<00:00, 69.02it/s, loss=0.058375]
epoch: 343/799: 100%|████████| 4000/4000 [00:57<00:00, 69.13it/s, loss=0.057921]
epoch: 344/799: 100%|████████| 4000/4000 [00:57<00:00, 69.15it/s, loss=0.057876]
epoch: 345/799: 100%|████████| 4000/4000 [00:57<00:00, 69.11it/s, loss=0.058173]
epoch: 346/799: 100%|████████| 4000/4000 [00:57<00:00, 69.12it/s, loss=0.057726]
epoch: 347/799: 100%|████████| 4000/4000 [00:57<00:00, 69.07it/s, loss=0.057207]
epoch: 348/799: 100%|████████| 4000/4000 [00:57<00:00, 69.08it/s, loss=0.057518]
epoch: 349/799: 100%|████████| 4000/4000 [00:57<00:00, 69.09it/s, loss=0.057006]
epoch: 350/799: 100%|████████| 4000/4000 [00:57<00:00, 69.08it/s, loss=0.056654]
epoch: 351/799: 100%|████████| 4000/4000 [00:57<00:00, 69.14it/s, loss=0.057231]
epoch: 352/799: 100%|████████| 4000/4000 [00:57<00:00, 69.11it/s, loss=0.057199]
epoch: 353/799: 100%|████████| 4000/4000 [00:57<00:00, 69.10it/s, loss=0.056929]
epoch: 354/799: 100%|████████| 4000/4000 [00:57<00:00, 69.15it/s, loss=0.057371]
epoch: 355/799: 100%|████████| 4000/4000 [00:57<00:00, 69.08it/s, loss=0.057165]
epoch: 356/799: 100%|████████| 4000/4000 [00:57<00:00, 69.11it/s, loss=0.056578]
epoch: 357/799: 100%|████████| 4000/4000 [00:57<00:00, 69.07it/s, loss=0.056825]
epoch: 358/799: 100%|████████| 4000/4000 [00:57<00:00, 69.13it/s, loss=0.056960]
epoch: 359/799: 100%|████████| 4000/4000 [00:57<00:00, 69.05it/s, loss=0.056873]
epoch: 360/799: 100%|████████| 4000/4000 [00:57<00:00, 69.11it/s, loss=0.057018]
epoch: 361/799: 100%|████████| 4000/4000 [00:57<00:00, 69.09it/s, loss=0.056686]
epoch: 362/799: 100%|████████| 4000/4000 [00:57<00:00, 69.11it/s, loss=0.056897]
epoch: 363/799: 100%|████████| 4000/4000 [00:57<00:00, 69.09it/s, loss=0.056526]
epoch: 364/799: 100%|████████| 4000/4000 [00:57<00:00, 69.13it/s, loss=0.056933]
epoch: 365/799: 100%|████████| 4000/4000 [00:57<00:00, 69.08it/s, loss=0.056690]
epoch: 366/799: 100%|████████| 4000/4000 [00:57<00:00, 69.12it/s, loss=0.057075]
epoch: 367/799: 100%|████████| 4000/4000 [00:57<00:00, 69.10it/s, loss=0.056813]
epoch: 368/799: 100%|████████| 4000/4000 [00:57<00:00, 69.14it/s, loss=0.056477]
epoch: 369/799: 100%|████████| 4000/4000 [00:57<00:00, 69.10it/s, loss=0.056522]
epoch: 370/799: 100%|████████| 4000/4000 [00:57<00:00, 69.08it/s, loss=0.055996]
epoch: 371/799: 100%|████████| 4000/4000 [00:57<00:00, 69.09it/s, loss=0.056804]
epoch: 372/799: 100%|████████| 4000/4000 [00:57<00:00, 69.14it/s, loss=0.056001]
epoch: 373/799: 100%|████████| 4000/4000 [00:57<00:00, 69.11it/s, loss=0.056324]
epoch: 374/799: 100%|████████| 4000/4000 [00:57<00:00, 69.13it/s, loss=0.055593]
epoch: 375/799: 100%|████████| 4000/4000 [00:57<00:00, 69.13it/s, loss=0.056088]
epoch: 376/799: 100%|████████| 4000/4000 [00:57<00:00, 69.12it/s, loss=0.056275]
epoch: 377/799: 100%|████████| 4000/4000 [00:57<00:00, 69.14it/s, loss=0.055453]
epoch: 378/799: 100%|████████| 4000/4000 [00:57<00:00, 69.14it/s, loss=0.055802]
epoch: 379/799: 100%|████████| 4000/4000 [00:57<00:00, 69.13it/s, loss=0.055646]
epoch: 380/799: 100%|████████| 4000/4000 [00:57<00:00, 69.15it/s, loss=0.055919]
epoch: 381/799: 100%|████████| 4000/4000 [00:57<00:00, 69.06it/s, loss=0.055813]
epoch: 382/799: 100%|████████| 4000/4000 [00:57<00:00, 69.11it/s, loss=0.055727]
epoch: 383/799: 100%|████████| 4000/4000 [00:57<00:00, 69.09it/s, loss=0.055518]
epoch: 384/799: 100%|████████| 4000/4000 [00:57<00:00, 69.08it/s, loss=0.055112]
epoch: 385/799: 100%|████████| 4000/4000 [00:57<00:00, 69.13it/s, loss=0.055850]
epoch: 386/799: 100%|████████| 4000/4000 [00:57<00:00, 69.16it/s, loss=0.055289]
epoch: 387/799: 100%|████████| 4000/4000 [00:57<00:00, 69.10it/s, loss=0.055598]
epoch: 388/799: 100%|████████| 4000/4000 [00:57<00:00, 69.12it/s, loss=0.055423]
epoch: 389/799: 100%|████████| 4000/4000 [00:57<00:00, 69.09it/s, loss=0.055227]
epoch: 390/799: 100%|████████| 4000/4000 [00:57<00:00, 69.14it/s, loss=0.055571]
epoch: 391/799: 100%|████████| 4000/4000 [00:57<00:00, 69.11it/s, loss=0.054878]
epoch: 392/799: 100%|████████| 4000/4000 [00:57<00:00, 69.12it/s, loss=0.054887]
epoch: 393/799: 100%|████████| 4000/4000 [00:57<00:00, 69.06it/s, loss=0.055001]
epoch: 394/799: 100%|████████| 4000/4000 [00:57<00:00, 69.17it/s, loss=0.054918]
epoch: 395/799: 100%|████████| 4000/4000 [00:57<00:00, 69.05it/s, loss=0.054695]
epoch: 396/799: 100%|████████| 4000/4000 [00:57<00:00, 69.17it/s, loss=0.055026]
epoch: 397/799: 100%|████████| 4000/4000 [00:57<00:00, 69.13it/s, loss=0.054801]
epoch: 398/799: 100%|████████| 4000/4000 [00:57<00:00, 69.10it/s, loss=0.054743]
epoch: 399/799: 100%|████████| 4000/4000 [00:57<00:00, 69.14it/s, loss=0.054702]
epoch: 400/799: 100%|████████| 4000/4000 [00:57<00:00, 69.11it/s, loss=0.054314]
epoch: 401/799: 100%|████████| 4000/4000 [00:57<00:00, 69.09it/s, loss=0.055255]
epoch: 402/799: 100%|████████| 4000/4000 [00:57<00:00, 69.18it/s, loss=0.055027]
epoch: 403/799: 100%|████████| 4000/4000 [00:57<00:00, 69.11it/s, loss=0.054814]
epoch: 404/799: 100%|████████| 4000/4000 [00:57<00:00, 69.13it/s, loss=0.054219]
epoch: 405/799: 100%|████████| 4000/4000 [00:57<00:00, 69.06it/s, loss=0.054065]
epoch: 406/799: 100%|████████| 4000/4000 [00:57<00:00, 69.09it/s, loss=0.054524]
epoch: 407/799: 100%|████████| 4000/4000 [00:57<00:00, 69.14it/s, loss=0.054586]
epoch: 408/799: 100%|████████| 4000/4000 [00:57<00:00, 69.11it/s, loss=0.054432]
epoch: 410/799: 100%|████████| 4000/4000 [00:57<00:00, 69.11it/s, loss=0.054459]
epoch: 411/799: 100%|████████| 4000/4000 [00:57<00:00, 69.12it/s, loss=0.053810]
epoch: 412/799: 100%|████████| 4000/4000 [00:57<00:00, 69.13it/s, loss=0.053861]
epoch: 413/799: 100%|████████| 4000/4000 [00:57<00:00, 69.06it/s, loss=0.054059]
epoch: 414/799: 100%|████████| 4000/4000 [00:57<00:00, 69.13it/s, loss=0.054042]
epoch: 415/799: 100%|████████| 4000/4000 [00:57<00:00, 69.12it/s, loss=0.053823]
epoch: 416/799: 100%|████████| 4000/4000 [00:57<00:00, 69.10it/s, loss=0.054355]
epoch: 417/799: 100%|████████| 4000/4000 [00:57<00:00, 69.13it/s, loss=0.054113]
epoch: 418/799: 100%|████████| 4000/4000 [00:57<00:00, 69.13it/s, loss=0.053564]
epoch: 419/799: 100%|████████| 4000/4000 [00:57<00:00, 69.12it/s, loss=0.053439]
epoch: 420/799: 100%|████████| 4000/4000 [00:57<00:00, 69.06it/s, loss=0.053869]
epoch: 421/799:  92%|███████▍| 3696/4000 [00:53<00:04, 69.47it/s, loss=0.053639]
IOPub message rate exceeded.
The notebook server will temporarily stop sending output
to the client in order to avoid crashing it.
To change this limit, set the config variable
`--NotebookApp.iopub_msg_rate_limit`.

Current values:
NotebookApp.iopub_msg_rate_limit=1000.0 (msgs/sec)
NotebookApp.rate_limit_window=3.0 (secs)

epoch: 438/799: 100%|████████| 4000/4000 [00:57<00:00, 69.15it/s, loss=0.052550]
epoch: 439/799: 100%|████████| 4000/4000 [00:57<00:00, 69.11it/s, loss=0.052436]
epoch: 440/799: 100%|████████| 4000/4000 [00:57<00:00, 69.10it/s, loss=0.052488]
epoch: 441/799: 100%|████████| 4000/4000 [00:57<00:00, 69.09it/s, loss=0.052474]
epoch: 442/799: 100%|████████| 4000/4000 [00:57<00:00, 69.03it/s, loss=0.052828]
epoch: 443/799: 100%|████████| 4000/4000 [00:57<00:00, 69.06it/s, loss=0.052688]
epoch: 444/799: 100%|████████| 4000/4000 [00:57<00:00, 69.08it/s, loss=0.052288]
epoch: 445/799: 100%|████████| 4000/4000 [00:57<00:00, 69.06it/s, loss=0.052361]
epoch: 446/799: 100%|████████| 4000/4000 [00:57<00:00, 69.13it/s, loss=0.052098]
epoch: 447/799: 100%|████████| 4000/4000 [00:57<00:00, 69.14it/s, loss=0.052564]
epoch: 448/799: 100%|████████| 4000/4000 [00:57<00:00, 69.13it/s, loss=0.052429]
epoch: 449/799: 100%|████████| 4000/4000 [00:57<00:00, 69.08it/s, loss=0.052464]
epoch: 450/799: 100%|████████| 4000/4000 [00:57<00:00, 69.16it/s, loss=0.051499]
epoch: 451/799: 100%|████████| 4000/4000 [00:57<00:00, 69.13it/s, loss=0.052119]
epoch: 452/799: 100%|████████| 4000/4000 [00:57<00:00, 69.12it/s, loss=0.051976]
epoch: 453/799: 100%|████████| 4000/4000 [00:57<00:00, 69.09it/s, loss=0.052607]
epoch: 454/799: 100%|████████| 4000/4000 [00:57<00:00, 69.08it/s, loss=0.051965]
epoch: 455/799: 100%|████████| 4000/4000 [00:57<00:00, 69.09it/s, loss=0.051439]
epoch: 456/799: 100%|████████| 4000/4000 [00:57<00:00, 69.07it/s, loss=0.052065]
epoch: 457/799: 100%|████████| 4000/4000 [00:57<00:00, 69.03it/s, loss=0.052249]
epoch: 458/799: 100%|████████| 4000/4000 [00:57<00:00, 69.07it/s, loss=0.051521]
epoch: 459/799: 100%|████████| 4000/4000 [00:57<00:00, 69.11it/s, loss=0.051472]
epoch: 460/799: 100%|████████| 4000/4000 [00:57<00:00, 69.09it/s, loss=0.051953]
epoch: 461/799: 100%|████████| 4000/4000 [00:57<00:00, 69.08it/s, loss=0.051214]
epoch: 462/799: 100%|████████| 4000/4000 [00:57<00:00, 69.06it/s, loss=0.051616]
epoch: 463/799: 100%|████████| 4000/4000 [00:57<00:00, 69.13it/s, loss=0.051949]
epoch: 464/799: 100%|████████| 4000/4000 [00:57<00:00, 69.11it/s, loss=0.051045]
epoch: 465/799: 100%|████████| 4000/4000 [00:57<00:00, 69.08it/s, loss=0.051534]
epoch: 466/799: 100%|████████| 4000/4000 [00:57<00:00, 69.09it/s, loss=0.051319]
epoch: 467/799: 100%|████████| 4000/4000 [00:57<00:00, 69.09it/s, loss=0.051290]
epoch: 468/799: 100%|████████| 4000/4000 [00:57<00:00, 69.11it/s, loss=0.051366]
epoch: 469/799: 100%|████████| 4000/4000 [00:57<00:00, 69.13it/s, loss=0.050867]
epoch: 470/799: 100%|████████| 4000/4000 [00:57<00:00, 69.16it/s, loss=0.050914]
epoch: 471/799: 100%|████████| 4000/4000 [00:57<00:00, 69.14it/s, loss=0.050782]
epoch: 472/799: 100%|████████| 4000/4000 [00:57<00:00, 69.12it/s, loss=0.050959]
epoch: 473/799: 100%|████████| 4000/4000 [00:57<00:00, 69.05it/s, loss=0.050555]
epoch: 474/799: 100%|████████| 4000/4000 [00:57<00:00, 69.12it/s, loss=0.050338]
epoch: 475/799: 100%|████████| 4000/4000 [00:57<00:00, 69.09it/s, loss=0.050930]
epoch: 476/799: 100%|████████| 4000/4000 [00:57<00:00, 69.08it/s, loss=0.051054]
epoch: 477/799: 100%|████████| 4000/4000 [00:57<00:00, 69.07it/s, loss=0.050694]
epoch: 478/799:  60%|████▊   | 2416/4000 [00:35<00:22, 69.48it/s, loss=0.050915]
IOPub message rate exceeded.
The notebook server will temporarily stop sending output
to the client in order to avoid crashing it.
To change this limit, set the config variable
`--NotebookApp.iopub_msg_rate_limit`.

Current values:
NotebookApp.iopub_msg_rate_limit=1000.0 (msgs/sec)
NotebookApp.rate_limit_window=3.0 (secs)

epoch: 494/799: 100%|████████| 4000/4000 [00:57<00:00, 69.09it/s, loss=0.048964]
epoch: 495/799: 100%|████████| 4000/4000 [00:57<00:00, 69.12it/s, loss=0.049565]
epoch: 496/799: 100%|████████| 4000/4000 [00:57<00:00, 69.12it/s, loss=0.049217]
epoch: 497/799: 100%|████████| 4000/4000 [00:57<00:00, 69.05it/s, loss=0.049741]
epoch: 498/799: 100%|████████| 4000/4000 [00:57<00:00, 69.13it/s, loss=0.049659]
epoch: 499/799: 100%|████████| 4000/4000 [00:57<00:00, 69.01it/s, loss=0.049438]
epoch: 500/799: 100%|████████| 4000/4000 [00:57<00:00, 69.04it/s, loss=0.049223]
epoch: 501/799: 100%|████████| 4000/4000 [00:57<00:00, 69.02it/s, loss=0.049166]
epoch: 502/799: 100%|████████| 4000/4000 [00:57<00:00, 69.08it/s, loss=0.049197]
epoch: 503/799: 100%|████████| 4000/4000 [00:57<00:00, 69.12it/s, loss=0.049100]
epoch: 504/799: 100%|████████| 4000/4000 [00:57<00:00, 69.13it/s, loss=0.049114]
epoch: 505/799: 100%|████████| 4000/4000 [00:57<00:00, 69.07it/s, loss=0.049212]
epoch: 506/799: 100%|████████| 4000/4000 [00:57<00:00, 69.14it/s, loss=0.049183]
epoch: 507/799: 100%|████████| 4000/4000 [00:57<00:00, 69.11it/s, loss=0.048989]
epoch: 508/799: 100%|████████| 4000/4000 [00:57<00:00, 69.10it/s, loss=0.048651]
epoch: 509/799: 100%|████████| 4000/4000 [00:57<00:00, 69.15it/s, loss=0.049485]
epoch: 510/799: 100%|████████| 4000/4000 [00:57<00:00, 69.11it/s, loss=0.048645]
epoch: 511/799: 100%|████████| 4000/4000 [00:57<00:00, 69.10it/s, loss=0.049211]
epoch: 512/799: 100%|████████| 4000/4000 [00:57<00:00, 69.09it/s, loss=0.048457]
epoch: 513/799: 100%|████████| 4000/4000 [00:57<00:00, 69.09it/s, loss=0.048783]
epoch: 514/799: 100%|████████| 4000/4000 [00:57<00:00, 69.07it/s, loss=0.048151]
epoch: 515/799: 100%|████████| 4000/4000 [00:57<00:00, 69.10it/s, loss=0.048520]
epoch: 516/799: 100%|████████| 4000/4000 [00:57<00:00, 69.05it/s, loss=0.048226]
epoch: 517/799: 100%|████████| 4000/4000 [00:57<00:00, 69.07it/s, loss=0.048925]
epoch: 518/799: 100%|████████| 4000/4000 [00:57<00:00, 69.09it/s, loss=0.048476]
epoch: 519/799: 100%|████████| 4000/4000 [00:57<00:00, 69.08it/s, loss=0.048418]
epoch: 520/799: 100%|████████| 4000/4000 [00:57<00:00, 69.10it/s, loss=0.048471]
epoch: 521/799: 100%|████████| 4000/4000 [00:57<00:00, 69.05it/s, loss=0.048812]
epoch: 522/799: 100%|████████| 4000/4000 [00:57<00:00, 69.12it/s, loss=0.047800]
epoch: 523/799: 100%|████████| 4000/4000 [00:57<00:00, 69.09it/s, loss=0.048432]
epoch: 525/799: 100%|████████| 4000/4000 [00:57<00:00, 69.05it/s, loss=0.047945]
epoch: 526/799: 100%|████████| 4000/4000 [00:57<00:00, 69.08it/s, loss=0.048069]
epoch: 527/799: 100%|████████| 4000/4000 [00:57<00:00, 69.08it/s, loss=0.047826]
epoch: 528/799: 100%|████████| 4000/4000 [00:57<00:00, 69.08it/s, loss=0.048426]
epoch: 529/799: 100%|████████| 4000/4000 [00:57<00:00, 69.08it/s, loss=0.048239]
epoch: 530/799: 100%|████████| 4000/4000 [00:57<00:00, 69.07it/s, loss=0.048003]
epoch: 531/799: 100%|████████| 4000/4000 [00:57<00:00, 69.10it/s, loss=0.048125]
epoch: 532/799: 100%|████████| 4000/4000 [00:57<00:00, 69.04it/s, loss=0.047763]
epoch: 533/799: 100%|████████| 4000/4000 [00:57<00:00, 69.00it/s, loss=0.048041]
epoch: 534/799: 100%|████████| 4000/4000 [00:57<00:00, 69.11it/s, loss=0.047465]
epoch: 535/799: 100%|████████| 4000/4000 [00:57<00:00, 69.01it/s, loss=0.047985]
epoch: 536/799: 100%|████████| 4000/4000 [00:57<00:00, 69.08it/s, loss=0.047951]
epoch: 537/799: 100%|████████| 4000/4000 [00:57<00:00, 69.11it/s, loss=0.047844]
epoch: 538/799: 100%|████████| 4000/4000 [00:57<00:00, 69.12it/s, loss=0.047610]
epoch: 539/799: 100%|████████| 4000/4000 [00:57<00:00, 69.06it/s, loss=0.047334]
epoch: 540/799: 100%|████████| 4000/4000 [00:57<00:00, 69.09it/s, loss=0.047811]
epoch: 541/799: 100%|████████| 4000/4000 [00:57<00:00, 69.07it/s, loss=0.046958]
epoch: 542/799: 100%|████████| 4000/4000 [00:57<00:00, 69.06it/s, loss=0.047533]
epoch: 543/799: 100%|████████| 4000/4000 [00:57<00:00, 69.14it/s, loss=0.047319]
epoch: 544/799: 100%|████████| 4000/4000 [00:57<00:00, 69.12it/s, loss=0.047080]
epoch: 545/799: 100%|████████| 4000/4000 [00:57<00:00, 69.13it/s, loss=0.047447]
epoch: 546/799: 100%|████████| 4000/4000 [00:57<00:00, 69.12it/s, loss=0.047367]
epoch: 547/799: 100%|████████| 4000/4000 [00:57<00:00, 69.09it/s, loss=0.047504]
epoch: 548/799: 100%|████████| 4000/4000 [00:57<00:00, 69.11it/s, loss=0.047335]
epoch: 549/799: 100%|████████| 4000/4000 [00:57<00:00, 69.07it/s, loss=0.047764]
epoch: 550/799: 100%|████████| 4000/4000 [00:57<00:00, 69.01it/s, loss=0.046961]
epoch: 551/799: 100%|████████| 4000/4000 [00:57<00:00, 69.06it/s, loss=0.046640]
epoch: 552/799: 100%|████████| 4000/4000 [00:57<00:00, 69.09it/s, loss=0.047310]
epoch: 553/799: 100%|████████| 4000/4000 [00:57<00:00, 69.09it/s, loss=0.047312]
epoch: 554/799: 100%|████████| 4000/4000 [00:57<00:00, 69.08it/s, loss=0.047485]
epoch: 555/799: 100%|████████| 4000/4000 [00:57<00:00, 69.09it/s, loss=0.046572]
epoch: 556/799: 100%|████████| 4000/4000 [00:57<00:00, 69.13it/s, loss=0.046873]
epoch: 557/799: 100%|████████| 4000/4000 [00:57<00:00, 69.11it/s, loss=0.047201]
epoch: 558/799: 100%|████████| 4000/4000 [00:57<00:00, 69.14it/s, loss=0.046797]
epoch: 559/799: 100%|████████| 4000/4000 [00:57<00:00, 69.07it/s, loss=0.046948]
epoch: 560/799: 100%|████████| 4000/4000 [00:57<00:00, 69.13it/s, loss=0.047245]
epoch: 561/799: 100%|████████| 4000/4000 [00:57<00:00, 69.06it/s, loss=0.046712]
epoch: 562/799: 100%|████████| 4000/4000 [00:57<00:00, 69.16it/s, loss=0.046976]
epoch: 563/799: 100%|████████| 4000/4000 [00:57<00:00, 69.07it/s, loss=0.046291]
epoch: 564/799: 100%|████████| 4000/4000 [00:57<00:00, 69.12it/s, loss=0.046593]
epoch: 565/799: 100%|████████| 4000/4000 [00:57<00:00, 69.12it/s, loss=0.046840]
epoch: 566/799: 100%|████████| 4000/4000 [00:57<00:00, 69.07it/s, loss=0.045918]
epoch: 567/799: 100%|████████| 4000/4000 [00:57<00:00, 69.09it/s, loss=0.047055]
epoch: 568/799: 100%|████████| 4000/4000 [00:57<00:00, 69.07it/s, loss=0.046387]
epoch: 569/799: 100%|████████| 4000/4000 [00:57<00:00, 69.08it/s, loss=0.046716]
epoch: 570/799: 100%|████████| 4000/4000 [00:57<00:00, 69.11it/s, loss=0.046151]
epoch: 571/799: 100%|████████| 4000/4000 [00:57<00:00, 69.06it/s, loss=0.046431]
epoch: 572/799: 100%|████████| 4000/4000 [00:57<00:00, 69.08it/s, loss=0.046687]
epoch: 573/799: 100%|████████| 4000/4000 [00:57<00:00, 69.03it/s, loss=0.046592]
epoch: 574/799: 100%|████████| 4000/4000 [00:57<00:00, 69.05it/s, loss=0.046288]
epoch: 575/799: 100%|████████| 4000/4000 [00:57<00:00, 69.08it/s, loss=0.046590]
epoch: 576/799: 100%|████████| 4000/4000 [00:57<00:00, 69.03it/s, loss=0.046657]
epoch: 577/799: 100%|████████| 4000/4000 [00:57<00:00, 69.09it/s, loss=0.046484]
epoch: 578/799: 100%|████████| 4000/4000 [00:57<00:00, 69.08it/s, loss=0.045948]
epoch: 579/799: 100%|████████| 4000/4000 [00:57<00:00, 69.10it/s, loss=0.046668]
epoch: 580/799: 100%|████████| 4000/4000 [00:57<00:00, 69.08it/s, loss=0.046249]
epoch: 581/799: 100%|████████| 4000/4000 [00:57<00:00, 69.03it/s, loss=0.046479]
epoch: 582/799:  16%|█▍       | 624/4000 [00:09<00:48, 69.32it/s, loss=0.046641]
IOPub message rate exceeded.
The notebook server will temporarily stop sending output
to the client in order to avoid crashing it.
To change this limit, set the config variable
`--NotebookApp.iopub_msg_rate_limit`.

Current values:
NotebookApp.iopub_msg_rate_limit=1000.0 (msgs/sec)
NotebookApp.rate_limit_window=3.0 (secs)

epoch: 598/799: 100%|████████| 4000/4000 [00:57<00:00, 69.13it/s, loss=0.046429]
epoch: 599/799: 100%|████████| 4000/4000 [00:57<00:00, 69.12it/s, loss=0.046011]
epoch: 600/799: 100%|████████| 4000/4000 [00:57<00:00, 69.14it/s, loss=0.045745]
epoch: 601/799: 100%|████████| 4000/4000 [00:57<00:00, 69.06it/s, loss=0.045777]
epoch: 602/799: 100%|████████| 4000/4000 [00:57<00:00, 69.01it/s, loss=0.045610]
epoch: 603/799: 100%|████████| 4000/4000 [00:57<00:00, 69.09it/s, loss=0.045822]
epoch: 604/799: 100%|████████| 4000/4000 [00:57<00:00, 69.13it/s, loss=0.045758]
epoch: 605/799: 100%|████████| 4000/4000 [00:57<00:00, 69.10it/s, loss=0.045257]
epoch: 606/799: 100%|████████| 4000/4000 [00:57<00:00, 69.10it/s, loss=0.046134]
epoch: 607/799: 100%|████████| 4000/4000 [00:57<00:00, 69.07it/s, loss=0.045971]
epoch: 608/799: 100%|████████| 4000/4000 [00:57<00:00, 69.13it/s, loss=0.045749]
epoch: 609/799: 100%|████████| 4000/4000 [00:57<00:00, 69.13it/s, loss=0.045884]
epoch: 610/799:  78%|██████▏ | 3104/4000 [00:44<00:12, 69.41it/s, loss=0.045973]
IOPub message rate exceeded.
The notebook server will temporarily stop sending output
to the client in order to avoid crashing it.
To change this limit, set the config variable
`--NotebookApp.iopub_msg_rate_limit`.

Current values:
NotebookApp.iopub_msg_rate_limit=1000.0 (msgs/sec)
NotebookApp.rate_limit_window=3.0 (secs)

epoch: 614/799: 100%|████████| 4000/4000 [00:57<00:00, 69.11it/s, loss=0.045544]
epoch: 615/799: 100%|████████| 4000/4000 [00:57<00:00, 69.08it/s, loss=0.045898]
epoch: 616/799: 100%|████████| 4000/4000 [00:57<00:00, 69.07it/s, loss=0.045920]
epoch: 617/799: 100%|████████| 4000/4000 [00:57<00:00, 69.11it/s, loss=0.045841]
epoch: 618/799: 100%|████████| 4000/4000 [00:57<00:00, 69.10it/s, loss=0.046072]
epoch: 619/799: 100%|████████| 4000/4000 [00:57<00:00, 69.11it/s, loss=0.045602]
epoch: 620/799: 100%|████████| 4000/4000 [00:57<00:00, 69.12it/s, loss=0.045296]
epoch: 621/799: 100%|████████| 4000/4000 [00:57<00:00, 69.05it/s, loss=0.045371]
epoch: 622/799: 100%|████████| 4000/4000 [00:57<00:00, 69.02it/s, loss=0.046129]
epoch: 623/799: 100%|████████| 4000/4000 [00:57<00:00, 69.11it/s, loss=0.045384]
epoch: 624/799: 100%|████████| 4000/4000 [00:57<00:00, 69.13it/s, loss=0.045139]
epoch: 625/799: 100%|████████| 4000/4000 [00:57<00:00, 69.05it/s, loss=0.045341]
epoch: 626/799: 100%|████████| 4000/4000 [00:57<00:00, 69.11it/s, loss=0.045084]
epoch: 627/799: 100%|████████| 4000/4000 [00:57<00:00, 69.10it/s, loss=0.045362]
epoch: 628/799: 100%|████████| 4000/4000 [00:57<00:00, 69.09it/s, loss=0.045884]
epoch: 629/799: 100%|████████| 4000/4000 [00:57<00:00, 69.08it/s, loss=0.044778]
epoch: 630/799: 100%|████████| 4000/4000 [00:57<00:00, 69.08it/s, loss=0.045318]
epoch: 631/799: 100%|████████| 4000/4000 [00:57<00:00, 69.03it/s, loss=0.045627]
epoch: 632/799: 100%|████████| 4000/4000 [00:57<00:00, 69.11it/s, loss=0.045177]
epoch: 633/799: 100%|████████| 4000/4000 [00:57<00:00, 69.02it/s, loss=0.044912]