epoch: 0/399: 100%|██████████| 4000/4000 [01:03<00:00, 62.88it/s, loss=0.078935]
epoch: 1/399: 100%|██████████| 4000/4000 [01:02<00:00, 64.05it/s, loss=0.038575]
epoch: 2/399: 100%|██████████| 4000/4000 [01:02<00:00, 64.03it/s, loss=0.036490]
epoch: 3/399: 100%|██████████| 4000/4000 [01:02<00:00, 64.10it/s, loss=0.034232]
epoch: 4/399: 100%|██████████| 4000/4000 [01:02<00:00, 64.09it/s, loss=0.032773]
epoch: 5/399: 100%|██████████| 4000/4000 [01:02<00:00, 64.18it/s, loss=0.031744]
epoch: 6/399: 100%|██████████| 4000/4000 [01:02<00:00, 63.98it/s, loss=0.031821]
epoch: 7/399: 100%|██████████| 4000/4000 [01:02<00:00, 64.04it/s, loss=0.032072]
epoch: 8/399: 100%|██████████| 4000/4000 [01:02<00:00, 63.95it/s, loss=0.030594]
epoch: 9/399: 100%|██████████| 4000/4000 [01:02<00:00, 64.18it/s, loss=0.029225]
epoch: 10/399: 100%|█████████| 4000/4000 [01:02<00:00, 63.96it/s, loss=0.030529]
epoch: 11/399: 100%|█████████| 4000/4000 [01:02<00:00, 64.08it/s, loss=0.029453]
epoch: 12/399: 100%|█████████| 4000/4000 [01:02<00:00, 64.09it/s, loss=0.028732]
epoch: 13/399: 100%|█████████| 4000/4000 [01:02<00:00, 64.12it/s, loss=0.029184]
epoch: 14/399: 100%|█████████| 4000/4000 [01:02<00:00, 64.11it/s, loss=0.030221]
epoch: 15/399: 100%|█| 4000/4000 [01:02<00:00, 64.06it/s, loss=49887475727822.289062]
epoch: 16/399: 100%|█| 4000/4000 [01:02<00:00, 64.22it/s, loss=42406366290574736.000000]
epoch: 17/399: 100%|█| 4000/4000 [01:02<00:00, 64.37it/s, loss=3470487909.888000]
epoch: 18/399: 100%|█| 4000/4000 [01:02<00:00, 64.16it/s, loss=543485098.496000]
epoch: 19/399: 100%|█| 4000/4000 [01:02<00:00, 64.13it/s, loss=258963121.792000]
epoch: 20/399: 100%|█| 4000/4000 [01:02<00:00, 64.13it/s, loss=133791393.760000]
epoch: 21/399: 100%|██| 4000/4000 [01:02<00:00, 64.19it/s, loss=72690943.216000]
epoch: 22/399: 100%|██| 4000/4000 [01:02<00:00, 64.20it/s, loss=72177834.400000]
epoch: 23/399: 100%|██| 4000/4000 [01:02<00:00, 64.14it/s, loss=53634768.952000]
epoch: 24/399: 100%|██| 4000/4000 [01:02<00:00, 64.44it/s, loss=37644652.472000]
epoch: 25/399: 100%|██| 4000/4000 [01:02<00:00, 64.16it/s, loss=31326270.056000]
epoch: 26/399: 100%|██| 4000/4000 [01:02<00:00, 64.21it/s, loss=23410783.544000]
epoch: 27/399: 100%|██| 4000/4000 [01:02<00:00, 64.12it/s, loss=22223599.796000]
epoch: 28/399: 100%|██| 4000/4000 [01:02<00:00, 64.25it/s, loss=18250867.232000]
epoch: 29/399: 100%|██| 4000/4000 [01:02<00:00, 64.15it/s, loss=16614702.228000]
epoch: 30/399: 100%|█| 4000/4000 [01:02<00:00, 64.18it/s, loss=486881853.840000] 
epoch: 31/399: 100%|██| 4000/4000 [01:02<00:00, 64.11it/s, loss=52817587.104000]
epoch: 32/399: 100%|██| 4000/4000 [01:02<00:00, 64.15it/s, loss=41381947.008000]
epoch: 33/399: 100%|██| 4000/4000 [01:02<00:00, 64.24it/s, loss=31071842.216000]
epoch: 34/399: 100%|██| 4000/4000 [01:02<00:00, 64.07it/s, loss=53981740.992000]
epoch: 35/399: 100%|██| 4000/4000 [01:02<00:00, 64.09it/s, loss=28583768.948000]
epoch: 36/399: 100%|██| 4000/4000 [01:02<00:00, 64.03it/s, loss=19638673.936000]
epoch: 37/399: 100%|██| 4000/4000 [01:02<00:00, 64.18it/s, loss=16641523.644000]
epoch: 38/399: 100%|██| 4000/4000 [01:02<00:00, 64.23it/s, loss=14118226.310000]
epoch: 39/399: 100%|██| 4000/4000 [01:02<00:00, 64.05it/s, loss=13072172.280000]
epoch: 40/399: 100%|██| 4000/4000 [01:02<00:00, 63.96it/s, loss=10648775.706000]
epoch: 41/399: 100%|███| 4000/4000 [01:02<00:00, 64.18it/s, loss=7847280.834000]
epoch: 42/399: 100%|███| 4000/4000 [01:02<00:00, 64.03it/s, loss=7028107.702000]
epoch: 43/399: 100%|███| 4000/4000 [01:02<00:00, 64.29it/s, loss=6958470.074000]
epoch: 44/399: 100%|███| 4000/4000 [01:02<00:00, 64.35it/s, loss=5372796.502000]
epoch: 45/399: 100%|█| 4000/4000 [01:02<00:00, 64.25it/s, loss=16601980192683.136719]
epoch: 46/399: 100%|█| 4000/4000 [01:02<00:00, 64.06it/s, loss=581661599110761856.000000]
epoch: 47/399: 100%|█| 4000/4000 [01:02<00:00, 64.32it/s, loss=1840080124490285.000000]
epoch: 48/399: 100%|█| 4000/4000 [01:02<00:00, 64.35it/s, loss=2183025254203.392090]
epoch: 49/399: 100%|█| 4000/4000 [01:02<00:00, 64.36it/s, loss=1223687782006.783936]
epoch: 50/399: 100%|█| 4000/4000 [01:02<00:00, 64.40it/s, loss=839831751491.583984]
epoch: 51/399: 100%|█| 4000/4000 [01:02<00:00, 64.11it/s, loss=572777901195.264038]
epoch: 52/399: 100%|█| 4000/4000 [01:02<00:00, 64.11it/s, loss=455977029468.159973]
epoch: 53/399: 100%|█| 4000/4000 [01:02<00:00, 64.08it/s, loss=381011005538.304016]
epoch: 54/399: 100%|█| 4000/4000 [01:02<00:00, 64.16it/s, loss=342958416723.968018]
epoch: 55/399: 100%|█| 4000/4000 [01:02<00:00, 64.10it/s, loss=293876945190.911987]
epoch: 56/399: 100%|█| 4000/4000 [01:02<00:00, 64.13it/s, loss=262389145010.175995]
epoch: 57/399: 100%|█| 4000/4000 [01:02<00:00, 64.15it/s, loss=246562308227.071991]
epoch: 58/399: 100%|█| 4000/4000 [01:02<00:00, 64.21it/s, loss=171707235336.191986]
epoch: 59/399: 100%|█| 4000/4000 [01:02<00:00, 64.25it/s, loss=114006030090.240005]
epoch: 60/399: 100%|█| 4000/4000 [01:02<00:00, 64.08it/s, loss=196043977490.432007]
epoch: 61/399: 100%|█| 4000/4000 [01:02<00:00, 64.10it/s, loss=82462326947.839996]
epoch: 62/399: 100%|█| 4000/4000 [01:02<00:00, 64.06it/s, loss=60302086619.136002]
epoch: 63/399: 100%|█| 4000/4000 [01:02<00:00, 64.09it/s, loss=47262762917.888000]
epoch: 64/399: 100%|█| 4000/4000 [01:02<00:00, 64.18it/s, loss=36545742217.216003]
epoch: 65/399:  87%|▊| 3472/4000 [00:54<00:08, 64.64it/s, loss=29806600173.124424]
IOPub message rate exceeded.
The notebook server will temporarily stop sending output
to the client in order to avoid crashing it.
To change this limit, set the config variable
`--NotebookApp.iopub_msg_rate_limit`.

Current values:
NotebookApp.iopub_msg_rate_limit=1000.0 (msgs/sec)
NotebookApp.rate_limit_window=3.0 (secs)

epoch: 82/399: 100%|█| 4000/4000 [01:02<00:00, 64.09it/s, loss=459399120551.935974]
epoch: 83/399: 100%|█| 4000/4000 [01:02<00:00, 64.08it/s, loss=426764057837.567993]
epoch: 84/399: 100%|█| 4000/4000 [01:02<00:00, 64.04it/s, loss=355212655656.960022]
epoch: 85/399: 100%|█| 4000/4000 [01:02<00:00, 64.12it/s, loss=295531112628.223999]
epoch: 86/399: 100%|█| 4000/4000 [01:02<00:00, 64.16it/s, loss=307651163258.880005]
epoch: 87/399: 100%|█| 4000/4000 [01:02<00:00, 63.97it/s, loss=278949847433.216003]
epoch: 88/399: 100%|█| 4000/4000 [01:02<00:00, 64.03it/s, loss=241714406227.967987]
epoch: 89/399: 100%|█| 4000/4000 [01:02<00:00, 64.16it/s, loss=219258564640.768005]
epoch: 90/399: 100%|█| 4000/4000 [01:02<00:00, 64.16it/s, loss=320783979773.952026]
epoch: 91/399: 100%|█| 4000/4000 [01:02<00:00, 64.14it/s, loss=193285498404.864014]
epoch: 92/399: 100%|█| 4000/4000 [01:02<00:00, 64.10it/s, loss=153060562894.847992]
epoch: 93/399: 100%|█| 4000/4000 [01:02<00:00, 64.04it/s, loss=159990929424.384003]
epoch: 94/399:  20%|▏| 784/4000 [00:12<00:50, 64.09it/s, loss=135627890688.000000]
IOPub message rate exceeded.
The notebook server will temporarily stop sending output
to the client in order to avoid crashing it.
To change this limit, set the config variable
`--NotebookApp.iopub_msg_rate_limit`.

Current values:
NotebookApp.iopub_msg_rate_limit=1000.0 (msgs/sec)
NotebookApp.rate_limit_window=3.0 (secs)

epoch: 100/399: 100%|█| 4000/4000 [01:02<00:00, 63.97it/s, loss=79449257082.880005] 
epoch: 101/399: 100%|█| 4000/4000 [01:02<00:00, 64.17it/s, loss=32061834059.776001]
epoch: 102/399: 100%|█| 4000/4000 [01:02<00:00, 64.00it/s, loss=19512610463.743999]
epoch: 103/399: 100%|█| 4000/4000 [01:02<00:00, 64.15it/s, loss=13511137411.072001]
epoch: 104/399: 100%|█| 4000/4000 [01:02<00:00, 64.10it/s, loss=12755499362.304001]
epoch: 105/399: 100%|█| 4000/4000 [01:02<00:00, 64.13it/s, loss=7717689862.144000]
epoch: 106/399: 100%|█| 4000/4000 [01:02<00:00, 64.17it/s, loss=11247517925.375999]
epoch: 107/399: 100%|█| 4000/4000 [01:02<00:00, 64.26it/s, loss=6068320732.160000]
epoch: 108/399: 100%|█| 4000/4000 [01:02<00:00, 64.04it/s, loss=4337141540.864000]
epoch: 109/399: 100%|█| 4000/4000 [01:02<00:00, 64.16it/s, loss=3405976522.752000]
epoch: 110/399: 100%|█| 4000/4000 [01:02<00:00, 64.37it/s, loss=2851161641.984000]
epoch: 111/399: 100%|█| 4000/4000 [01:02<00:00, 64.14it/s, loss=2759376010.752000]
epoch: 112/399: 100%|█| 4000/4000 [01:02<00:00, 64.12it/s, loss=3136566520.320000]
epoch: 113/399: 100%|█| 4000/4000 [01:02<00:00, 64.25it/s, loss=1779305392.128000]
epoch: 114/399: 100%|█| 4000/4000 [01:02<00:00, 64.31it/s, loss=1442499937.024000]
epoch: 115/399: 100%|█| 4000/4000 [01:02<00:00, 64.10it/s, loss=1234876527.616000]
epoch: 116/399: 100%|█| 4000/4000 [01:02<00:00, 64.09it/s, loss=3955432799938886656.000000]
epoch: 117/399: 100%|█| 4000/4000 [01:02<00:00, 64.37it/s, loss=486866936420892.687500]
epoch: 118/399: 100%|█| 4000/4000 [01:02<00:00, 64.08it/s, loss=4116318967562.240234]
epoch: 119/399: 100%|█| 4000/4000 [01:02<00:00, 64.28it/s, loss=971634602934.271973] 
epoch: 120/399: 100%|█| 4000/4000 [01:02<00:00, 64.38it/s, loss=396444619571.200012]
epoch: 121/399: 100%|█| 4000/4000 [01:02<00:00, 64.14it/s, loss=259174045057.023987]
epoch: 122/399: 100%|█| 4000/4000 [01:02<00:00, 64.09it/s, loss=175143117193.216003]
epoch: 123/399: 100%|█| 4000/4000 [01:02<00:00, 64.30it/s, loss=128199371423.744003]
epoch: 124/399: 100%|█| 4000/4000 [01:02<00:00, 64.32it/s, loss=99367600291.839996] 
epoch: 125/399: 100%|█| 4000/4000 [01:02<00:00, 64.15it/s, loss=70993158455.296005]
epoch: 126/399: 100%|█| 4000/4000 [01:02<00:00, 64.10it/s, loss=53518620319.744003]
epoch: 127/399: 100%|█| 4000/4000 [01:02<00:00, 64.27it/s, loss=48060680380.416000]
epoch: 128/399: 100%|█| 4000/4000 [01:02<00:00, 64.20it/s, loss=36150274056.192001]
epoch: 129/399: 100%|█| 4000/4000 [01:02<00:00, 64.12it/s, loss=31709888659.456001]
epoch: 130/399: 100%|█| 4000/4000 [01:02<00:00, 64.13it/s, loss=26384459464.703999]
epoch: 131/399: 100%|█| 4000/4000 [01:02<00:00, 64.16it/s, loss=26013239361.535999]
epoch: 132/399: 100%|█| 4000/4000 [01:02<00:00, 64.28it/s, loss=22256063885.312000]
epoch: 133/399: 100%|█| 4000/4000 [01:02<00:00, 64.08it/s, loss=6897167243796041728.000000] 
epoch: 134/399: 100%|█| 4000/4000 [01:02<00:00, 64.13it/s, loss=565498469641355.250000] 
epoch: 135/399: 100%|█| 4000/4000 [01:02<00:00, 64.25it/s, loss=78642343489568.765625] 
epoch: 136/399: 100%|█| 4000/4000 [01:02<00:00, 64.10it/s, loss=41955595011489.789062]
epoch: 137/399: 100%|█| 4000/4000 [01:02<00:00, 64.09it/s, loss=27665805873250.304688]
epoch: 138/399: 100%|█| 4000/4000 [01:02<00:00, 64.30it/s, loss=21663973602492.414062]
epoch: 139/399: 100%|█| 4000/4000 [01:02<00:00, 64.29it/s, loss=16914214065012.736328]
epoch: 140/399: 100%|█| 4000/4000 [01:02<00:00, 64.31it/s, loss=12737781428125.695312]
epoch: 141/399: 100%|█| 4000/4000 [01:02<00:00, 64.34it/s, loss=16037605273501.695312]
epoch: 142/399: 100%|█| 4000/4000 [01:02<00:00, 64.17it/s, loss=19032223250382.847656]
epoch: 143/399: 100%|█| 4000/4000 [01:02<00:00, 64.12it/s, loss=7327171905323.007812]
epoch: 144/399: 100%|█| 4000/4000 [01:02<00:00, 64.08it/s, loss=6217223988314.112305]
epoch: 145/399: 100%|█| 4000/4000 [01:02<00:00, 64.16it/s, loss=4640926927421.440430]
epoch: 146/399: 100%|█| 4000/4000 [01:02<00:00, 64.25it/s, loss=3530962157174.784180]
epoch: 147/399: 100%|█| 4000/4000 [01:02<00:00, 64.16it/s, loss=2658701388808.191895]
epoch: 148/399: 100%|█| 4000/4000 [01:02<00:00, 64.14it/s, loss=2105113062146.048096]
epoch: 149/399: 100%|█| 4000/4000 [01:02<00:00, 64.38it/s, loss=1739638853861.375977]
epoch: 150/399: 100%|█| 4000/4000 [01:02<00:00, 64.18it/s, loss=1401495270457.343994]
epoch: 151/399: 100%|█| 4000/4000 [01:02<00:00, 64.23it/s, loss=1141831416414.208008]
epoch: 152/399: 100%|█| 4000/4000 [01:02<00:00, 64.19it/s, loss=945152856424.447998]
epoch: 153/399: 100%|█| 4000/4000 [01:02<00:00, 64.28it/s, loss=1044294977212907.500000]
epoch: 154/399: 100%|█| 4000/4000 [01:02<00:00, 64.16it/s, loss=1349404322083838720.000000]
epoch: 155/399: 100%|█| 4000/4000 [01:02<00:00, 64.30it/s, loss=782589484188303.375000] 
epoch: 156/399: 100%|█| 4000/4000 [01:02<00:00, 64.23it/s, loss=45579769223315.453125]
epoch: 157/399: 100%|█| 4000/4000 [01:02<00:00, 64.22it/s, loss=19892007254097.921875]
epoch: 158/399: 100%|█| 4000/4000 [01:02<00:00, 64.17it/s, loss=13743681894875.136719]
epoch: 159/399: 100%|█| 4000/4000 [01:02<00:00, 64.25it/s, loss=11157205680128.000000]
epoch: 160/399: 100%|█| 4000/4000 [01:02<00:00, 64.35it/s, loss=8331265769996.288086]
epoch: 161/399: 100%|█| 4000/4000 [01:02<00:00, 64.17it/s, loss=2753218918481.919922]
epoch: 162/399: 100%|█| 4000/4000 [01:02<00:00, 64.33it/s, loss=6424067230924.799805] 
epoch: 163/399: 100%|█| 4000/4000 [01:02<00:00, 64.27it/s, loss=1914085056184.320068]
epoch: 164/399: 100%|█| 4000/4000 [01:02<00:00, 64.35it/s, loss=1421670297370.624023]
epoch: 165/399: 100%|█| 4000/4000 [01:02<00:00, 64.31it/s, loss=1194354703859.711914]
epoch: 166/399: 100%|█| 4000/4000 [01:02<00:00, 64.13it/s, loss=1201935886057.471924]
epoch: 167/399: 100%|█| 4000/4000 [01:02<00:00, 64.26it/s, loss=938166411591.680054]
epoch: 168/399: 100%|█| 4000/4000 [01:02<00:00, 64.28it/s, loss=812127752290.303955]
epoch: 169/399: 100%|█| 4000/4000 [01:02<00:00, 64.15it/s, loss=696626909937.663940]
epoch: 170/399: 100%|█| 4000/4000 [01:02<00:00, 64.06it/s, loss=586023385169.920044]
epoch: 171/399: 100%|█| 4000/4000 [01:02<00:00, 64.01it/s, loss=525410615033.856018]
epoch: 172/399: 100%|█| 4000/4000 [01:02<00:00, 64.09it/s, loss=547359732269.056030]
epoch: 173/399: 100%|█| 4000/4000 [01:02<00:00, 64.02it/s, loss=365236877721.599976]
epoch: 174/399: 100%|█| 4000/4000 [01:02<00:00, 64.04it/s, loss=332836185374.719971]
epoch: 175/399: 100%|█| 4000/4000 [01:02<00:00, 64.11it/s, loss=233217386610.687988]
epoch: 176/399: 100%|█| 4000/4000 [01:02<00:00, 64.00it/s, loss=175621842599.936005]
epoch: 177/399: 100%|█| 4000/4000 [01:02<00:00, 63.96it/s, loss=139672465670.144012]
epoch: 178/399: 100%|█| 4000/4000 [01:02<00:00, 64.04it/s, loss=10301788489697030144.000000]
epoch: 179/399: 100%|█| 4000/4000 [01:02<00:00, 64.13it/s, loss=4432050640172089.500000] 
epoch: 180/399: 100%|█| 4000/4000 [01:02<00:00, 63.99it/s, loss=111537136645177.343750]
epoch: 181/399: 100%|█| 4000/4000 [01:02<00:00, 64.02it/s, loss=44646914557214.718750]
epoch: 182/399: 100%|█| 4000/4000 [01:02<00:00, 64.01it/s, loss=23870313800400.894531]
epoch: 183/399: 100%|█| 4000/4000 [01:02<00:00, 64.13it/s, loss=16685982346641.408203]
epoch: 184/399: 100%|█| 4000/4000 [01:02<00:00, 64.09it/s, loss=11084026345422.847656]
epoch: 185/399: 100%|█| 4000/4000 [01:02<00:00, 64.03it/s, loss=9130423980392.447266]
epoch: 186/399: 100%|█| 4000/4000 [01:02<00:00, 64.13it/s, loss=8079574118170.624023] 
epoch: 187/399: 100%|█| 4000/4000 [01:02<00:00, 64.13it/s, loss=6322897770512.383789]
epoch: 188/399: 100%|█| 4000/4000 [01:02<00:00, 64.09it/s, loss=5064982816358.400391]
epoch: 189/399: 100%|█| 4000/4000 [01:02<00:00, 64.11it/s, loss=4937531016609.791992]
epoch: 190/399: 100%|█| 4000/4000 [01:02<00:00, 64.15it/s, loss=3706269973086.208008]
epoch: 191/399: 100%|█| 4000/4000 [01:02<00:00, 64.07it/s, loss=3994996778729.472168]
epoch: 192/399: 100%|█| 4000/4000 [01:02<00:00, 64.13it/s, loss=4036584790818.815918]
epoch: 193/399: 100%|█| 4000/4000 [01:02<00:00, 64.08it/s, loss=2687544165138.432129]
epoch: 194/399: 100%|█| 4000/4000 [01:02<00:00, 64.10it/s, loss=221785024487227.406250]
epoch: 195/399: 100%|█| 4000/4000 [01:02<00:00, 64.17it/s, loss=54492856139644.929688] 
epoch: 196/399: 100%|█| 4000/4000 [01:02<00:00, 64.12it/s, loss=17416978264227.839844]
epoch: 197/399: 100%|█| 4000/4000 [01:02<00:00, 64.03it/s, loss=11113326427766.783203]
epoch: 198/399: 100%|█| 4000/4000 [01:02<00:00, 64.03it/s, loss=6308473290620.927734]
epoch: 199/399: 100%|█| 4000/4000 [01:02<00:00, 64.02it/s, loss=3223706090864.640137]
epoch: 200/399: 100%|█| 4000/4000 [01:02<00:00, 64.09it/s, loss=4920882081300.480469]
epoch: 201/399: 100%|█| 4000/4000 [01:02<00:00, 64.13it/s, loss=3031386202046.463867]
epoch: 202/399: 100%|█| 4000/4000 [01:02<00:00, 64.08it/s, loss=1479420631842.815918]
epoch: 203/399: 100%|█| 4000/4000 [01:02<00:00, 64.07it/s, loss=849781413773.312012]
epoch: 204/399: 100%|█| 4000/4000 [01:02<00:00, 64.08it/s, loss=618335268110.336060]
epoch: 205/399: 100%|█| 4000/4000 [01:02<00:00, 64.02it/s, loss=488032322715.648010]
epoch: 206/399: 100%|█| 4000/4000 [01:02<00:00, 64.05it/s, loss=381181592993.791992]
epoch: 207/399: 100%|█| 4000/4000 [01:02<00:00, 64.20it/s, loss=308066240364.544006]
epoch: 208/399: 100%|█| 4000/4000 [01:02<00:00, 64.04it/s, loss=241640326692.864014]
epoch: 209/399: 100%|█| 4000/4000 [01:02<00:00, 64.12it/s, loss=214429971906.559998]
epoch: 211/399: 100%|█| 4000/4000 [01:02<00:00, 64.05it/s, loss=174213617385.471985]
epoch: 212/399: 100%|█| 4000/4000 [01:02<00:00, 64.06it/s, loss=164568820416.511993]
epoch: 213/399: 100%|█| 4000/4000 [01:02<00:00, 64.10it/s, loss=150692616011.776001]
epoch: 214/399: 100%|█| 4000/4000 [01:02<00:00, 64.05it/s, loss=135800836489.216003]
epoch: 215/399: 100%|█| 4000/4000 [01:02<00:00, 64.03it/s, loss=113632881639.423996]
epoch: 216/399: 100%|█| 4000/4000 [01:02<00:00, 64.03it/s, loss=111085753663.488007]
epoch: 217/399: 100%|█| 4000/4000 [01:02<00:00, 64.14it/s, loss=220617896689.664001]
epoch: 218/399: 100%|█| 4000/4000 [01:02<00:00, 64.40it/s, loss=124716995936.255997]
epoch: 219/399: 100%|█| 4000/4000 [01:02<00:00, 64.12it/s, loss=89731310010.367996]
epoch: 220/399: 100%|█| 4000/4000 [01:02<00:00, 64.30it/s, loss=84164300390.399994]
epoch: 221/399: 100%|█| 4000/4000 [01:02<00:00, 64.10it/s, loss=72376625070.080002]
epoch: 222/399: 100%|█| 4000/4000 [01:02<00:00, 64.30it/s, loss=64929516142.592003]
epoch: 223/399: 100%|█| 4000/4000 [01:02<00:00, 64.11it/s, loss=57579420942.335999]
epoch: 224/399: 100%|█| 4000/4000 [01:02<00:00, 64.24it/s, loss=57328634429.440002]
epoch: 225/399: 100%|█| 4000/4000 [01:02<00:00, 64.37it/s, loss=48561662935.040001]
epoch: 226/399: 100%|█| 4000/4000 [01:02<00:00, 64.23it/s, loss=1997482401795778304.000000]
epoch: 227/399: 100%|█| 4000/4000 [01:02<00:00, 64.20it/s, loss=3177376758634643.500000]
epoch: 228/399: 100%|█| 4000/4000 [01:02<00:00, 64.13it/s, loss=112973197212647.421875]
epoch: 229/399: 100%|█| 4000/4000 [01:02<00:00, 64.41it/s, loss=40397807504326.656250]
epoch: 230/399: 100%|█| 4000/4000 [01:02<00:00, 64.33it/s, loss=24743282009440.257812]
epoch: 231/399: 100%|█| 4000/4000 [01:02<00:00, 64.06it/s, loss=18683932052553.726562]
epoch: 232/399: 100%|█| 4000/4000 [01:02<00:00, 64.07it/s, loss=13603190318563.328125]
epoch: 233/399: 100%|█| 4000/4000 [01:02<00:00, 64.13it/s, loss=9532205982285.824219] 
epoch: 234/399: 100%|█| 4000/4000 [01:02<00:00, 64.28it/s, loss=7688277830139.904297]
epoch: 235/399: 100%|█| 4000/4000 [01:02<00:00, 64.30it/s, loss=6997475497869.311523]
epoch: 236/399: 100%|█| 4000/4000 [01:02<00:00, 64.19it/s, loss=5802418304450.559570]
epoch: 237/399: 100%|█| 4000/4000 [01:02<00:00, 64.29it/s, loss=4868840430239.744141]
epoch: 238/399: 100%|█| 4000/4000 [01:02<00:00, 64.26it/s, loss=4291974196625.408203]
epoch: 239/399: 100%|█| 4000/4000 [01:02<00:00, 64.29it/s, loss=3730287313813.503906]
epoch: 240/399: 100%|█| 4000/4000 [01:02<00:00, 64.13it/s, loss=3172102587809.791992]
epoch: 241/399: 100%|█| 4000/4000 [01:02<00:00, 64.33it/s, loss=2796441853493.248047]
epoch: 242/399: 100%|█| 4000/4000 [01:02<00:00, 64.20it/s, loss=2349125710905.344238]
epoch: 243/399: 100%|█| 4000/4000 [01:02<00:00, 64.14it/s, loss=2053008682647.552002]
epoch: 244/399: 100%|█| 4000/4000 [01:02<00:00, 64.19it/s, loss=1797489878892.543945]
epoch: 245/399: 100%|█| 4000/4000 [01:02<00:00, 64.20it/s, loss=1642230809100.288086]
epoch: 246/399: 100%|█| 4000/4000 [01:02<00:00, 64.39it/s, loss=1668866187722.751953]
epoch: 247/399: 100%|█| 4000/4000 [01:02<00:00, 64.19it/s, loss=1413187163914.239990]
epoch: 249/399: 100%|█| 4000/4000 [01:02<00:00, 64.37it/s, loss=1158096530178.048096]
epoch: 250/399: 100%|█| 4000/4000 [01:02<00:00, 64.23it/s, loss=88889341379084.281250]
epoch: 251/399: 100%|█| 4000/4000 [01:02<00:00, 64.41it/s, loss=12486507807899.648438]
epoch: 252/399: 100%|█| 4000/4000 [01:02<00:00, 64.19it/s, loss=5654107284045.824219]
epoch: 253/399: 100%|█| 4000/4000 [01:02<00:00, 64.17it/s, loss=4185200964665.344238]
epoch: 254/399: 100%|█| 4000/4000 [01:02<00:00, 64.27it/s, loss=3066529033748.479980]
epoch: 255/399: 100%|█| 4000/4000 [01:02<00:00, 64.24it/s, loss=2414096827809.791992]
epoch: 256/399: 100%|█| 4000/4000 [01:02<00:00, 64.23it/s, loss=1992289971339.263916]
epoch: 257/399: 100%|█| 4000/4000 [01:02<00:00, 64.19it/s, loss=1509985781022.719971]
epoch: 258/399: 100%|█| 4000/4000 [01:02<00:00, 64.24it/s, loss=1207465266380.800049]
epoch: 259/399: 100%|█| 4000/4000 [01:02<00:00, 64.28it/s, loss=1193746435407.872070]
epoch: 260/399: 100%|█| 4000/4000 [01:02<00:00, 64.03it/s, loss=961719411933.183960] 
epoch: 261/399: 100%|█| 4000/4000 [01:02<00:00, 64.08it/s, loss=1413012323041.280029]
epoch: 262/399: 100%|█| 4000/4000 [01:02<00:00, 64.17it/s, loss=970387918553.088013] 
epoch: 263/399: 100%|█| 4000/4000 [01:02<00:00, 64.17it/s, loss=743558130040.832031]
epoch: 264/399: 100%|█| 4000/4000 [01:02<00:00, 64.22it/s, loss=608281895108.608032]
epoch: 265/399: 100%|█| 4000/4000 [01:02<00:00, 64.39it/s, loss=576467116490.751953]
epoch: 266/399: 100%|█| 4000/4000 [01:02<00:00, 64.12it/s, loss=554285979140.095947]
epoch: 267/399: 100%|█| 4000/4000 [01:02<00:00, 64.15it/s, loss=481008230072.320007]
epoch: 268/399: 100%|█| 4000/4000 [01:02<00:00, 64.23it/s, loss=445237274411.007996]
epoch: 269/399: 100%|█| 4000/4000 [01:02<00:00, 64.03it/s, loss=450761506488.320007]
epoch: 270/399: 100%|█| 4000/4000 [01:02<00:00, 64.20it/s, loss=7186909804625.919922] 
epoch: 271/399: 100%|█| 4000/4000 [01:02<00:00, 64.22it/s, loss=1104246984409.087891]
epoch: 272/399: 100%|█| 4000/4000 [01:02<00:00, 64.43it/s, loss=702556948004.864014]
epoch: 273/399: 100%|█| 4000/4000 [01:02<00:00, 64.25it/s, loss=521701290934.271973]
epoch: 274/399: 100%|█| 4000/4000 [01:02<00:00, 64.17it/s, loss=460661845327.872009]
epoch: 275/399: 100%|█| 4000/4000 [01:02<00:00, 64.19it/s, loss=343614940250.112000]
epoch: 276/399: 100%|█| 4000/4000 [01:02<00:00, 64.18it/s, loss=263288589320.191986]
epoch: 277/399: 100%|█| 4000/4000 [01:02<00:00, 64.27it/s, loss=73093245222.912003] 
epoch: 278/399: 100%|█| 4000/4000 [01:02<00:00, 64.16it/s, loss=72970367057.919998]
epoch: 279/399: 100%|█| 4000/4000 [01:02<00:00, 64.12it/s, loss=44745683320.832001]
epoch: 280/399: 100%|█| 4000/4000 [01:02<00:00, 64.24it/s, loss=58873999351.807999]
epoch: 281/399: 100%|█| 4000/4000 [01:02<00:00, 64.30it/s, loss=28131358810.112000]
epoch: 282/399: 100%|█| 4000/4000 [01:02<00:00, 64.29it/s, loss=21332768628.736000]
epoch: 283/399: 100%|█| 4000/4000 [01:02<00:00, 64.29it/s, loss=17306923167.743999]
epoch: 284/399: 100%|█| 4000/4000 [01:02<00:00, 64.28it/s, loss=13900376821.760000]
epoch: 285/399: 100%|█| 4000/4000 [01:02<00:00, 64.40it/s, loss=14321848078.336000]
epoch: 286/399: 100%|█| 4000/4000 [01:02<00:00, 64.05it/s, loss=14075782637.568001]
epoch: 287/399: 100%|█| 4000/4000 [01:02<00:00, 64.21it/s, loss=21092370180.096001]
epoch: 288/399: 100%|█| 4000/4000 [01:02<00:00, 64.23it/s, loss=8942466357.247999] 
epoch: 289/399: 100%|█| 4000/4000 [01:02<00:00, 64.28it/s, loss=6405479952572187648.000000]
epoch: 290/399: 100%|█| 4000/4000 [01:02<00:00, 64.30it/s, loss=651783248275308.500000] 
epoch: 291/399: 100%|█| 4000/4000 [01:02<00:00, 64.25it/s, loss=132940964179214.343750]
epoch: 292/399: 100%|█| 4000/4000 [01:02<00:00, 64.13it/s, loss=84013192979677.187500]
epoch: 293/399: 100%|█| 4000/4000 [01:02<00:00, 64.27it/s, loss=62354436286054.398438]
epoch: 294/399: 100%|█| 4000/4000 [01:02<00:00, 64.18it/s, loss=50057410378727.421875]
epoch: 295/399: 100%|█| 4000/4000 [01:02<00:00, 64.38it/s, loss=40700316403892.226562]
epoch: 296/399: 100%|█| 4000/4000 [01:02<00:00, 64.32it/s, loss=33039487667798.015625]
epoch: 297/399: 100%|█| 4000/4000 [01:02<00:00, 64.14it/s, loss=28534817301725.183594]
epoch: 298/399: 100%|█| 4000/4000 [01:02<00:00, 64.15it/s, loss=21940364935954.433594]
epoch: 299/399: 100%|█| 4000/4000 [01:02<00:00, 64.05it/s, loss=19483284933181.441406]
epoch: 300/399: 100%|█| 4000/4000 [01:02<00:00, 64.26it/s, loss=22945659355136.000000]
epoch: 301/399: 100%|█| 4000/4000 [01:02<00:00, 64.29it/s, loss=24465714232426.496094]
epoch: 302/399: 100%|█| 4000/4000 [01:02<00:00, 64.23it/s, loss=14524388833492.992188]
epoch: 303/399: 100%|█| 4000/4000 [01:02<00:00, 64.08it/s, loss=10622977525678.080078]
epoch: 304/399: 100%|█| 4000/4000 [01:02<00:00, 64.29it/s, loss=10456872018509.824219]
epoch: 305/399: 100%|█| 4000/4000 [01:02<00:00, 64.13it/s, loss=9084972616908.800781]
epoch: 306/399: 100%|█| 4000/4000 [01:02<00:00, 64.04it/s, loss=7481763282550.784180]
epoch: 307/399: 100%|█| 4000/4000 [01:02<00:00, 64.27it/s, loss=6823339935924.223633]
epoch: 308/399: 100%|█| 4000/4000 [01:02<00:00, 64.12it/s, loss=5908938882023.423828]
epoch: 309/399: 100%|█| 4000/4000 [01:02<00:00, 63.99it/s, loss=5433937063051.263672]
epoch: 310/399: 100%|█| 4000/4000 [01:02<00:00, 64.21it/s, loss=5165634435416.064453]
epoch: 311/399: 100%|█| 4000/4000 [01:02<00:00, 64.27it/s, loss=4127222211280.895996]
epoch: 312/399: 100%|█| 4000/4000 [01:02<00:00, 64.11it/s, loss=3200688895557.631836]
epoch: 313/399: 100%|█| 4000/4000 [01:02<00:00, 64.04it/s, loss=2401027333554.175781]
epoch: 314/399: 100%|█| 4000/4000 [01:02<00:00, 64.30it/s, loss=2354960784162.815918]
epoch: 315/399: 100%|█| 4000/4000 [01:02<00:00, 64.12it/s, loss=2056112790568.959961]
epoch: 316/399: 100%|█| 4000/4000 [01:02<00:00, 64.34it/s, loss=1469397778563.072021]
epoch: 317/399: 100%|█| 4000/4000 [01:02<00:00, 64.35it/s, loss=1217872336781.312012]
epoch: 318/399: 100%|█| 4000/4000 [01:02<00:00, 64.04it/s, loss=1242461370056.704102]
epoch: 319/399: 100%|█| 4000/4000 [01:02<00:00, 64.19it/s, loss=954157801668.608032] 
epoch: 320/399: 100%|█| 4000/4000 [01:02<00:00, 64.33it/s, loss=683594804494.336060]
epoch: 321/399: 100%|█| 4000/4000 [01:02<00:00, 64.14it/s, loss=665613197246.463989]
epoch: 322/399: 100%|█| 4000/4000 [01:02<00:00, 64.01it/s, loss=658232529649.663940]
epoch: 323/399: 100%|█| 4000/4000 [01:02<00:00, 64.03it/s, loss=637685014986.751953]
epoch: 324/399: 100%|█| 4000/4000 [01:02<00:00, 64.09it/s, loss=628134750846.975952]
epoch: 325/399: 100%|█| 4000/4000 [01:02<00:00, 64.01it/s, loss=602329382780.927979]
epoch: 326/399: 100%|█| 4000/4000 [01:02<00:00, 64.13it/s, loss=586849226457.088013]
epoch: 327/399: 100%|█| 4000/4000 [01:02<00:00, 64.01it/s, loss=568273022615.552002]
epoch: 328/399: 100%|█| 4000/4000 [01:02<00:00, 64.02it/s, loss=551542267838.463989]
epoch: 329/399: 100%|█| 4000/4000 [01:02<00:00, 64.07it/s, loss=542246342230.015991]
epoch: 330/399: 100%|█| 4000/4000 [01:02<00:00, 64.05it/s, loss=511604440563.711975]
epoch: 331/399: 100%|█| 4000/4000 [01:02<00:00, 64.08it/s, loss=501991500546.047974]
epoch: 332/399: 100%|█| 4000/4000 [01:02<00:00, 64.08it/s, loss=484548288053.247986]
epoch: 333/399: 100%|█| 4000/4000 [01:02<00:00, 64.10it/s, loss=473268796260.351990]
epoch: 334/399: 100%|█| 4000/4000 [01:02<00:00, 64.03it/s, loss=451248323297.280029]
epoch: 335/399: 100%|█| 4000/4000 [01:02<00:00, 64.10it/s, loss=430990909112.320007]
epoch: 336/399: 100%|█| 4000/4000 [01:02<00:00, 64.02it/s, loss=425569959936.000000]
epoch: 337/399: 100%|█| 4000/4000 [01:02<00:00, 64.10it/s, loss=410383577907.200012]
epoch: 338/399: 100%|█| 4000/4000 [01:02<00:00, 64.11it/s, loss=405304368955.392029]
epoch: 339/399: 100%|█| 4000/4000 [01:02<00:00, 64.13it/s, loss=371410948063.231995]
epoch: 340/399: 100%|█| 4000/4000 [01:02<00:00, 64.00it/s, loss=394195609190.400024]
epoch: 341/399: 100%|█| 4000/4000 [01:02<00:00, 64.11it/s, loss=340548356734.976013]
epoch: 342/399: 100%|█| 4000/4000 [01:02<00:00, 64.07it/s, loss=327022084096.000000]
epoch: 343/399: 100%|█| 4000/4000 [01:02<00:00, 64.08it/s, loss=328761483264.000000]
epoch: 344/399: 100%|█| 4000/4000 [01:02<00:00, 64.10it/s, loss=296756242743.296021]
epoch: 345/399: 100%|█| 4000/4000 [01:02<00:00, 64.01it/s, loss=283015001538.559998]
epoch: 346/399: 100%|█| 4000/4000 [01:02<00:00, 64.01it/s, loss=291268017324.031982]
epoch: 347/399: 100%|█| 4000/4000 [01:02<00:00, 63.97it/s, loss=264509250666.496002]
epoch: 348/399: 100%|█| 4000/4000 [01:02<00:00, 64.06it/s, loss=268413582245.888000]
epoch: 349/399: 100%|█| 4000/4000 [01:02<00:00, 63.99it/s, loss=272269617987.584015]
epoch: 350/399: 100%|█| 4000/4000 [01:02<00:00, 64.13it/s, loss=235472698736.640015]
epoch: 351/399: 100%|█| 4000/4000 [01:02<00:00, 64.09it/s, loss=214181677432.832001]
epoch: 352/399: 100%|█| 4000/4000 [01:02<00:00, 64.06it/s, loss=220826731347.967987]
epoch: 353/399: 100%|█| 4000/4000 [01:02<00:00, 64.09it/s, loss=195977693233.152008]
epoch: 354/399: 100%|█| 4000/4000 [01:02<00:00, 64.12it/s, loss=213370702790.656006]
epoch: 355/399: 100%|█| 4000/4000 [01:02<00:00, 64.06it/s, loss=189525211611.135986]
epoch: 356/399: 100%|█| 4000/4000 [01:02<00:00, 64.12it/s, loss=205649004986.368011]
epoch: 357/399: 100%|█| 4000/4000 [01:02<00:00, 64.09it/s, loss=184107084677.119995]
epoch: 358/399: 100%|█| 4000/4000 [01:02<00:00, 64.01it/s, loss=160062369005.567993]
epoch: 359/399: 100%|█| 4000/4000 [01:02<00:00, 64.03it/s, loss=177127736344.575989]
epoch: 360/399: 100%|█| 4000/4000 [01:02<00:00, 64.06it/s, loss=142499823747.071991]
epoch: 361/399: 100%|█| 4000/4000 [01:02<00:00, 64.07it/s, loss=166656202211.328003]
epoch: 362/399: 100%|█| 4000/4000 [01:02<00:00, 64.04it/s, loss=135535959146.496002]
epoch: 363/399: 100%|█| 4000/4000 [01:02<00:00, 64.07it/s, loss=157973883453.440002]
epoch: 364/399: 100%|█| 4000/4000 [01:02<00:00, 64.07it/s, loss=130184752070.656006]
epoch: 365/399: 100%|█| 4000/4000 [01:02<00:00, 64.04it/s, loss=131909199101.951996]
epoch: 366/399: 100%|█| 4000/4000 [01:02<00:00, 64.08it/s, loss=144955685568.511993]
epoch: 367/399: 100%|█| 4000/4000 [01:02<00:00, 64.11it/s, loss=137971556909.056000]
epoch: 368/399: 100%|█| 4000/4000 [01:02<00:00, 64.07it/s, loss=128850837864.447998]
epoch: 369/399: 100%|█| 4000/4000 [01:02<00:00, 64.04it/s, loss=102602871947.264008]
epoch: 370/399: 100%|█| 4000/4000 [01:02<00:00, 64.06it/s, loss=121027252027.391998]
epoch: 371/399: 100%|█| 4000/4000 [01:02<00:00, 64.06it/s, loss=86661216780.287994]
epoch: 372/399: 100%|█| 4000/4000 [01:02<00:00, 64.00it/s, loss=72256706592.768005]
epoch: 373/399: 100%|█| 4000/4000 [01:02<00:00, 64.10it/s, loss=93996575801.343994] 
epoch: 374/399: 100%|█| 4000/4000 [01:02<00:00, 64.01it/s, loss=62384821239.807999]
epoch: 375/399: 100%|█| 4000/4000 [01:02<00:00, 64.06it/s, loss=55591894433.792000]
epoch: 376/399: 100%|█| 4000/4000 [01:02<00:00, 64.01it/s, loss=50318950801.407997]
epoch: 377/399: 100%|█| 4000/4000 [01:02<00:00, 64.06it/s, loss=48548508131.328003]
epoch: 378/399: 100%|█| 4000/4000 [01:02<00:00, 64.02it/s, loss=44679565451.264000]
epoch: 379/399: 100%|█| 4000/4000 [01:02<00:00, 64.13it/s, loss=42932471046.143997]
epoch: 380/399: 100%|█| 4000/4000 [01:02<00:00, 64.08it/s, loss=37097381150.720001]
epoch: 381/399: 100%|█| 4000/4000 [01:02<00:00, 64.12it/s, loss=44799246958.592003]
epoch: 382/399: 100%|█| 4000/4000 [01:02<00:00, 64.07it/s, loss=34899034128.384003]
epoch: 383/399: 100%|█| 4000/4000 [01:02<00:00, 64.15it/s, loss=47980140470.272003]
epoch: 385/399: 100%|█| 4000/4000 [01:02<00:00, 64.12it/s, loss=27123089575.936001]
epoch: 386/399: 100%|█| 4000/4000 [01:02<00:00, 64.12it/s, loss=30536103632.896000]
epoch: 387/399: 100%|█| 4000/4000 [01:02<00:00, 63.98it/s, loss=25226592366.591999]
epoch: 388/399: 100%|█| 4000/4000 [01:02<00:00, 64.08it/s, loss=23379634380.799999]
epoch: 389/399: 100%|█| 4000/4000 [01:02<00:00, 64.17it/s, loss=20959897960.448002]
epoch: 390/399: 100%|█| 4000/4000 [01:02<00:00, 64.13it/s, loss=16756197646.336000]
epoch: 391/399: 100%|█| 4000/4000 [01:02<00:00, 64.06it/s, loss=85035519623.167999] 
epoch: 392/399: 100%|█| 4000/4000 [01:02<00:00, 63.99it/s, loss=21994758684.672001]
epoch: 393/399: 100%|█| 4000/4000 [01:02<00:00, 64.11it/s, loss=18072410312.703999]
epoch: 394/399: 100%|█| 4000/4000 [01:02<00:00, 64.05it/s, loss=18002023460.863998]
epoch: 395/399: 100%|█| 4000/4000 [01:02<00:00, 64.00it/s, loss=13513245753.344000]
epoch: 396/399: 100%|█| 4000/4000 [01:02<00:00, 64.06it/s, loss=14367732058.112000]
epoch: 397/399: 100%|█| 4000/4000 [01:02<00:00, 64.14it/s, loss=10624385323.007999]
epoch: 398/399: 100%|█| 4000/4000 [01:02<00:00, 64.15it/s, loss=12596903268.351999]
epoch: 399/399: 100%|█| 4000/4000 [01:02<00:00, 64.04it/s, loss=9330304544.768000]